[2025-12-10 15:42:30] Loading minimized alanine dipeptide...
[2025-12-10 15:42:30] ✓ Loaded: 22 atoms
[2025-12-10 15:42:30] ✓ Residues: ['ACE', 'ALA', 'NME']
[2025-12-10 15:42:30] Creating AMBER99SB-ILDN + GBN2 system...
[2025-12-10 15:42:30] ✓ System created with 22 particles
[2025-12-10 15:42:30] ✓ Using CUDA GPU platform (RTX 4050)
[2025-12-10 15:42:32] Setting up trajectory and data reporters...
[2025-12-10 15:42:32] 🚀 STARTING 100 ns PRODUCTION MD
[2025-12-10 15:42:32] Total steps: 50,000,000
[2025-12-10 15:42:32] Trajectory frames: 10,000 (every 10 ps)
[2025-12-10 15:42:32] Trajectory file: data/md/raw/trajectory_100ns.dcd
[2025-12-10 15:42:32] State data: data/md/raw/state_100ns.csv
[2025-12-10 15:42:32] Estimated time: ~1.5 hours (based on 1 ns test)
[2025-12-10 15:42:32] Simulation started at: 2025-12-10 15:42:32
[2025-12-10 15:42:32] Running in 50 chunks of 1,000,000 steps (2 ns each)
#"Progress (%)","Step","Time (ps)","Potential Energy (kJ/mole)","Temperature (K)","Speed (ns/day)","Time Remaining"
0.1%,50000,99.99999999994834,-56.8530637093063,246.24777371929795,0,--
0.2%,100000,200.00000000022686,-56.0107929419064,307.98137967952647,536,4:28:10
0.3%,150000,300.00000000070435,-79.03756037748099,354.86046961693404,485,4:56:14
0.4%,200000,400.00000000118183,-73.72850919048642,259.8915313508886,498,4:48:10
0.5%,250000,500.0000000016593,-84.3310218519182,249.6538008586892,484,4:56:06
0.6%,300000,599.9999999996356,-71.7179450643307,230.58636077058503,491,4:51:47
0.7%,350000,699.999999997271,-83.55662349550039,378.28600275626445,483,4:56:06
0.8%,400000,799.9999999949063,-88.53889010008425,370.75200819488987,488,4:52:30
0.9%,450000,899.9999999925416,-69.65198349795173,335.226989368009,488,4:52:38
1.0%,500000,999.9999999901769,-58.897339116279,297.456631231695,479,4:57:43
1.1%,550000,1099.9999999878123,-79.59382595389616,455.56299497319765,480,4:56:47
1.2%,600000,1199.9999999854476,-80.27924209492267,348.9862910350712,484,4:54:01
1.3%,650000,1299.999999983083,-81.06763784407599,298.14166252751573,480,4:56:22
1.4%,700000,1399.9999999807183,-56.140250902361004,358.65700990868663,482,4:54:38
1.5%,750000,1499.9999999783536,-56.375046492146794,288.4873920944891,481,4:54:51
1.6%,800000,1599.9999999759889,-74.40970019278564,270.92661295589454,484,4:53:01
1.7%,850000,1699.9999999736242,-86.54215394560742,385.2338505277923,481,4:54:06
1.8%,900000,1799.9999999712595,-73.87783670090175,228.4545252407262,484,4:52:18
1.9%,950000,1899.9999999688948,-85.44009035829095,298.68966481299464,481,4:53:27
2.0%,1000000,1999.9999999665301,-80.63099266060453,296.12916957603716,483,4:51:59
[2025-12-10 15:48:31] ✅ Chunk 1/50 complete
[2025-12-10 15:48:31]    Progress: 2.0% (2.0 / 100.0 ns)
[2025-12-10 15:48:31]    Chunk time: 359.0s
2.1%,1050000,2099.9999999641655,-80.4601518815698,233.68406028519144,481,4:53:02
2.2%,1100000,2199.9999999618008,-88.47381181715173,270.4558311266873,483,4:51:40
2.3%,1150000,2299.999999959436,-63.40451332909015,326.33091346935396,481,4:52:38
2.4%,1200000,2399.9999999570714,-98.9266406760762,309.08836188113065,482,4:51:22
2.5%,1250000,2499.9999999547067,-73.74140160188108,301.89703604778003,481,4:52:06
2.6%,1300000,2599.999999952342,-56.084735068429154,326.50964081933506,483,4:50:40
2.7%,1350000,2699.9999999499773,-73.87672112671135,296.89846051196685,481,4:51:17
2.8%,1400000,2799.9999999476127,-77.66197221150651,238.28512171579226,482,4:50:08
2.9%,1450000,2899.999999945248,-100.69590211068135,265.9703169704786,481,4:50:39
3.0%,1500000,2999.9999999428833,-105.48111242312746,218.45772272076857,483,4:49:27
3.1%,1550000,3099.9999999405186,-83.49790121478145,250.54754986002436,481,4:49:56
3.2%,1600000,3199.999999938154,-74.90554924335447,278.70064285155047,482,4:48:56
3.3%,1650000,3299.999999935789,-69.01578908081865,318.03224539310935,481,4:49:23
3.4%,1700000,3399.9999999334245,-95.75891186456067,285.01214980888767,482,4:48:31
3.5%,1750000,3499.99999993106,-76.47415366981659,278.794442496119,481,4:49:06
3.6%,1800000,3599.999999928695,-69.22957366801802,282.9416751761704,480,4:49:15
3.7%,1850000,3699.9999999263305,-76.45318160753231,247.65158304786542,481,4:48:31
3.8%,1900000,3799.999999923966,-62.611555227209465,327.65475914997927,480,4:48:43
3.9%,1950000,3899.999999921601,-72.98211155970057,293.52421642962435,481,4:47:57
4.0%,2000000,3999.9999999192364,-69.1575949743783,283.0020888856573,480,4:48:14
[2025-12-10 15:54:34] ✅ Chunk 2/50 complete
[2025-12-10 15:54:34]    Progress: 4.0% (4.0 / 100.0 ns)
[2025-12-10 15:54:34]    Chunk time: 362.9s
[2025-12-10 15:54:34]    Current speed: 5,510,690 ns/day
[2025-12-10 15:54:34]    Estimated remaining: 4.8h
4.1%,2050000,4099.999999917781,-70.93503188322211,302.8677962570555,480,4:47:29
4.2%,2100000,4199.999999938153,-73.71736214075531,326.8976121364855,479,4:47:42
4.3%,2150000,4299.999999958526,-67.04211535905779,242.13068277306715,480,4:46:58
4.4%,2200000,4399.999999978899,-86.09195634975913,263.36713130855463,479,4:47:20
4.5%,2250000,4499.9999999992715,-74.9701764407614,237.9959998297851,480,4:46:33
4.6%,2300000,4600.000000019644,-75.42759700614602,251.78208016251602,479,4:46:49
4.7%,2350000,4700.000000040017,-92.19915014619619,320.1502714759829,480,4:46:03
4.8%,2400000,4800.0000000603895,-55.546154196345014,294.7708155079706,479,4:46:13
4.9%,2450000,4900.000000080762,-84.02291689727758,304.9886593778071,480,4:45:29
5.0%,2500000,5000.000000101135,-93.99107136012344,219.73358106710702,479,4:45:42
5.1%,2550000,5100.000000121508,-81.82385034171602,306.9938024716823,479,4:45:10
5.2%,2600000,5200.00000014188,-56.3206594439107,198.52529685846162,479,4:45:09
5.3%,2650000,5300.000000162253,-43.011182306334376,263.22345623840977,479,4:44:36
5.4%,2700000,5400.000000182626,-81.06632429286401,278.6016781581636,479,4:44:29
5.5%,2750000,5500.000000202998,-77.97498281659398,421.7845327352104,478,4:44:24
5.6%,2800000,5600.000000223371,-86.65827100801596,291.12034872905855,479,4:43:53
5.7%,2850000,5700.000000243744,-79.0305808582998,315.74731003872296,478,4:43:51
5.8%,2900000,5800.000000264116,-79.90969581737363,293.8331445024578,479,4:43:20
5.9%,2950000,5900.000000284489,-69.13858491627627,253.40344902227397,478,4:43:19
6.0%,3000000,6000.000000304862,-97.6838903707976,223.264532319794,479,4:42:47
[2025-12-10 16:00:36] ✅ Chunk 3/50 complete
[2025-12-10 16:00:36]    Progress: 6.0% (6.0 / 100.0 ns)
[2025-12-10 16:00:36]    Chunk time: 362.4s
[2025-12-10 16:00:36]    Current speed: 5,518,396 ns/day
[2025-12-10 16:00:36]    Estimated remaining: 4.7h
6.1%,3050000,6100.000000325234,-80.80873358890949,176.30450555812823,478,4:42:48
6.2%,3100000,6200.000000345607,-62.73692082724301,299.99316430112486,478,4:42:17
6.3%,3150000,6300.00000036598,-47.776134744723095,333.77726455649764,478,4:42:17
6.4%,3200000,6400.000000386352,-83.87636151520246,394.464348692869,478,4:41:46
6.5%,3250000,6500.000000406725,-86.41533032259395,349.03685260795464,478,4:41:42
6.6%,3300000,6600.000000427098,-65.51523922453634,265.4062928228617,478,4:41:11
6.7%,3350000,6700.0000004474705,-95.63108104861749,321.7364076160531,478,4:41:06
6.8%,3400000,6800.000000467843,-78.67050761102291,278.0010892117142,478,4:40:31
6.9%,3450000,6900.000000488216,-92.23671669347095,354.3788221278649,478,4:40:28
7.0%,3500000,7000.0000005085885,-72.91030035368749,322.20579338790446,478,4:40:23
7.1%,3550000,7100.000000528961,-79.34327075957844,317.63657127084787,478,4:39:54
7.2%,3600000,7200.000000549334,-67.86695139040239,276.79277242198776,478,4:39:50
7.3%,3650000,7300.000000569707,-57.60761639565487,308.9196266756906,478,4:39:21
7.4%,3700000,7400.000000590079,-72.1456996705383,278.17465326703444,477,4:39:17
7.5%,3750000,7500.000000610452,-83.26377731201501,326.87369521697025,478,4:38:48
7.6%,3800000,7600.000000630825,-90.64659822809955,345.28220490154513,478,4:38:35
7.7%,3850000,7700.000000651197,-98.29873447208865,420.17151445271344,478,4:37:57
7.8%,3900000,7800.00000067157,-71.95560828322778,422.69838745438886,477,4:38:03
7.9%,3950000,7900.000000691943,-100.96870899476926,337.118694292361,478,4:37:33
8.0%,4000000,8000.000000712315,-66.12009128747741,210.54507550910617,478,4:37:25
[2025-12-10 16:06:40] ✅ Chunk 4/50 complete
[2025-12-10 16:06:40]    Progress: 8.0% (8.0 / 1
[2025-1
[2025-12-10 16:06:40]    Chunk time: 364.3s
[2025-12-10 16:06:40]    Current speed: 5,489,623 ns/day
[2025-12-10 16:06:40]    Estimated remaining: 4.6h
8.1%,4050000,8100.000000732688,-87.95790224376833,376.3044484868367,478,4:36:56
8.2%,4100000,8200.00000075306,-65.15723850297854,409.29971010729315,477,4:36:51
8.3%,4150000,8300.000000773432,-93.66130508307833,219.1549926759057,478,4:36:17
8.4%,4200000,8400.000000793805,-86.34994878940961,315.18959255750383,478,4:36:12
8.5%,4250000,8500.000000814178,-85.92158090998419,236.2805746612797,478,4:35:39
8.6%,4300000,8600.00000083455,-95.07778169129779,168.96261528587283,477,4:35:40
8.7%,4350000,8700.000000854923,-76.40956981806085,285.44415851753377,477,4:35:33
8.8%,4400000,8800.000000875296,-59.61823548295797,378.3943003325636,477,4:35:03
8.9%,4450000,8900.000000895669,-71.47784402825118,385.8717330755804,477,4:35:02
9.0%,4500000,9000.000000916041,-81.03129225494922,252.2790408132225,477,4:34:29
9.1%,4550000,9100.000000936414,-76.3954674291308,352.4526690468195,477,4:34:27
9.2%,4600000,9200.000000956787,-82.27186648669885,313.6771948333122,477,4:33:53
9.3%,4650000,9300.00000097716,-81.00848090466025,277.30344968586337,477,4:33:51
9.4%,4700000,9400.000000997532,-91.05942548298549,368.43421052345354,477,4:33:17
9.5%,4750000,9500.000001017905,-60.227287258181605,360.35613608467463,477,4:33:17
9.6%,4800000,9600.000001038277,-56.9322107421965,258.9433831158298,477,4:32:41
9.7%,4850000,9700.00000105865,-63.170367213431746,252.94219496506958,477,4:32:51
9.8%,4900000,9800.000001079023,-76.9022741906623,279.7348898018935,477,4:32:25
9.9%,4950000,9900.000001099395,-71.16022576761316,277.4713360743812,477,4:32:03
10.0%,5000000,10000.000001119768,-72.69846297387267,398.1307490250541,477,4:31:35
[2025-12-10 16:12:44] ✅ Chunk 5/50 complete
[2025-12-10 16:12:44]    Progress: 10.0% (10.0 / 100.0 ns)
[2025-12-10 16:12:44]    Chunk time: 363.2s
[2025-12-10 16:12:44]    Current speed: 5,507,075 ns/day
[2025-12-10 16:12:44]    Estimated remaining: 4.5h
[2025-12-10 16:12:44]    🎯 Checkpoint: 10.0 ns in 30.2 minutes
[2025-12-10 16:12:44]    Trajectory size: 0.6 MB
10.1%,5050000,10100.00000114014,-87.60144760893309,361.3803538823284,477,4:31:27
10.2%,5100000,10200.000001160513,-84.27861027976905,262.48209198532913,477,4:31:01
10.3%,5150000,10300.000001180886,-78.42247459924329,311.4700370618165,477,4:30:53
10.4%,5200000,10400.000001201259,-83.91116499576674,362.42515695385396,477,4:30:23
10.5%,5250000,10500.000001221631,-58.56109523118357,284.9897825300511,477,4:29:54
10.6%,5300000,10600.000001242004,-97.56508033497448,384.9247898895468,477,4:29:56
10.7%,5350000,10700.000001262377,-75.88831289974041,393.8140682870701,477,4:29:28
10.8%,5400000,10800.00000128275,-85.04228571380372,305.9814717592723,477,4:29:17
10.9%,5450000,10900.000001303122,-84.15481889019247,284.99093364614487,477,4:29:10
11.0%,5500000,11000.000001323495,-67.22981099991739,286.5010521245594,477,4:28:41
11.1%,5550000,11100.000001343868,-58.79709097548766,298.92867446906416,477,4:28:33
11.2%,5600000,11200.00000136424,-96.54272409796249,402.3703702610185,477,4:28:04
11.3%,5650000,11300.000001384613,-105.67959738112404,293.2093359013984,477,4:27:56
11.4%,5700000,11400.000001404986,-54.8591900538886,354.536607726951,477,4:27:27
11.5%,5750000,11500.000001425358,-70.83352969543557,372.5761752943136,477,4:27:19
11.6%,5800000,11600.000001445731,-79.90490774540558,340.7218432218089,477,4:26:51
11.7%,5850000,11700.000001466104,-75.76490687311161,298.57219542074614,477,4:26:24
11.8%,5900000,11800.000001486476,-83.38563851676008,270.0345407852973,477,4:26:24
11.9%,5950000,11900.000001506849,-63.70313349111893,234.48633415758542,477,4:25:57
12.0%,6000000,12000.000001527222,-94.44976062519709,228.92700323295742,477,4:25:47
[2025-12-10 16:18:48] ✅ Chunk 6/50 complete
[2025-12-10 16:18:48]    Progress: 12.0% (12.0 / 100.0 ns)
[2025-12-10 16:18:48]    Chunk time: 364.0s
[2025-12-10 16:18:48]    Current speed: 5,494,037 ns/day
[2025-12-10 16:18:48]    Estimated remaining: 4.4h
12.1%,6050000,12100.000001547594,-49.41478802153142,278.7234931501104,477,4:25:19
12.2%,6100000,12200.000001567967,-61.85147442090965,329.4278435555273,477,4:25:09
12.3%,6150000,12300.00000158834,-75.19520502886735,253.5148517078959,477,4:24:41
12.4%,6200000,12400.000001608712,-64.95587953578797,264.7714300506692,477,4:24:31
12.5%,6250000,12500.000001629085,-51.11666961449373,316.9654071979681,477,4:24:03
12.6%,6300000,12600.000001649458,-70.71833262948894,328.66015336313484,477,4:23:55
12.7%,6350000,12700.00000166983,-75.2589481423422,271.0802859633719,477,4:23:28
12.8%,6400000,12800.000001690203,-59.878400593632136,261.25322055484133,477,4:23:20
12.9%,6450000,12900.000001710576,-69.52053673411137,260.92322325242435,477,4:23:09
13.0%,6500000,13000.000001730948,-66.50555612409676,331.92590193516946,477,4:22:42
13.1%,6550000,13100.000001751321,-75.00175300537376,281.12208097887867,477,4:22:29
13.2%,6600000,13200.000001771694,-102.81221997928151,171.08996329551363,477,4:22:02
13.3%,6650000,13300.000001792067,-73.63695533017744,231.50490296677128,477,4:21:54
13.4%,6700000,13400.00000181244,-86.98602540680236,218.79467743080292,477,4:21:26
13.5%,6750000,13500.000001832812,-79.91533334658016,268.74946304517096,477,4:21:18
13.6%,6800000,13600.000001853185,-57.20756746337611,333.3472121001033,477,4:20:50
13.7%,6850000,13700.000001873557,-92.40450674341992,328.1279144696469,477,4:20:39
13.8%,6900000,13800.00000189393,-77.14811290996295,246.68578891745727,477,4:20:12
13.9%,6950000,13900.000001914303,-74.37169277272915,297.76529257324773,477,4:20:02
14.0%,7000000,14000.000001934675,-60.423481932040886,322.0610682822463,477,4:19:34
[2025-12-10 16:24:48] ✅ Chunk 7/50 complete
[2025-12-10 16:24:48]    Progress: 14.0% (14.0 / 100.0 ns)
[2025-12-10 16:24:48]    Chunk time: 360.8s
[2025-12-10 16:24:48]    Current speed: 5,543,997 ns/day
[2025-12-10 16:24:48]    Estimated remaining: 4.3h
14.1%,7050000,14100.000001955048,-69.48777855549997,244.94522793324523,477,4:19:24
14.2%,7100000,14200.00000197542,-77.56121722912576,332.0256344806464,477,4:18:58
14.3%,7150000,14300.000001995793,-96.7400722252205,250.66688220293608,477,4:18:43
14.4%,7200000,14400.000002016166,-72.03834055268089,292.4404622451237,477,4:18:17
14.5%,7250000,14500.000002036539,-81.90346718272485,269.4418630992288,477,4:18:07
14.6%,7300000,14600.000002056911,-94.65782170061448,203.54891796659166,477,4:17:40
14.7%,7350000,14700.000002077284,-72.90667942234359,274.2770938131945,477,4:17:17
14.8%,7400000,14800.000002097657,-97.55581761603389,251.40159116858757,477,4:17:14
14.9%,7450000,14900.00000211803,-91.28192010085331,321.4021794259284,477,4:16:48
15.0%,7500000,15000.000002138402,-88.49131648781167,262.59829019979304,477,4:16:34
15.1%,7550000,15100.000002158775,-78.3765299874334,360.1075594689875,477,4:16:10
15.2%,7600000,15200.000002179147,-72.32887117221253,207.05092942156716,477,4:15:59
15.3%,7650000,15300.00000219952,-79.53290939556427,360.9530156608604,477,4:15:49
15.4%,7700000,15400.000002219893,-74.6460899846279,255.07468769322895,477,4:15:23
15.5%,7750000,15500.000002240266,-80.50270082909265,325.2089573760626,477,4:15:12
15.6%,7800000,15600.000002260638,-66.7129980299178,403.3879616718302,477,4:14:47
15.7%,7850000,15700.00000228101,-78.35302891489118,274.1892860689848,477,4:14:37
15.8%,7900000,15800.000002301384,-67.18545630236622,348.5458574137498,477,4:14:11
15.9%,7950000,15900.000002321756,-66.46408505312866,279.5281597777887,477,4:14:01
16.0%,8000000,16000.000002342129,-90.00495439849328,216.25169463895145,477,4:13:35
[2025-12-10 16:30:51] ✅ Chunk 8/50 complete
[2025-12-10 16:30:51]    Progress: 16.0% (16.0 / 100.0 ns)
[2025-12-10 16:30:51]    Chunk time: 362.8s
[2025-12-10 16:30:51]    Current speed: 5,512,011 ns/day
[2025-12-10 16:30:51]    Estimated remaining: 4.2h
16.1%,8050000,16100.000002362502,-76.14811080461368,466.66655915962826,477,4:13:26
16.2%,8100000,16200.000002382874,-85.01203060644184,383.649416291744,477,4:12:59
16.3%,8150000,16300.000002403247,-91.25704070529275,294.02274353666184,477,4:12:51
16.4%,8200000,16400.000002423618,-71.79555712005822,416.5170041966732,477,4:12:23
16.5%,8250000,16500.00000244399,-77.29136214420396,280.02872165656004,477,4:12:15
16.6%,8300000,16600.000002464363,-76.59633057967585,212.98296292037804,477,4:11:48
16.7%,8350000,16700.000002484736,-90.31566135130197,343.58590616067966,477,4:11:38
16.8%,8400000,16800.00000250511,-79.96276297783515,328.35520081282544,477,4:11:10
16.9%,8450000,16900.00000252548,-89.05155282024293,312.17143730403825,477,4:11:01
17.0%,8500000,17000.000002545854,-69.78590040205745,247.77684603115358,477,4:10:34
17.1%,8550000,17100.000002566227,-79.50844856176991,298.91385768636815,477,4:10:25
17.2%,8600000,17200.0000025866,-69.35173021920491,376.4558836140359,477,4:09:57
17.3%,8650000,17300.000002606972,-76.10754042171538,382.10017091877495,477,4:09:47
17.4%,8700000,17400.000002627345,-64.80800627800636,366.2340873540058,477,4:09:20
17.5%,8750000,17500.000002647717,-70.89886437586688,255.69734549935603,477,4:09:12
17.6%,8800000,17600.00000266809,-85.11738651696942,331.694136810148,477,4:08:48
17.7%,8850000,17700.000002688463,-65.97559893028847,348.52715894410505,477,4:08:34
17.8%,8900000,17800.000002708835,-98.27382551215123,276.38096525106846,477,4:08:21
17.9%,8950000,17900.000002729208,-83.63041323589277,204.2938150464303,477,4:07:56
18.0%,9000000,18000.00000274958,-81.42358943109866,254.37120411552976,477,4:07:45
[2025-12-10 16:36:56] ✅ Chunk 9/50 complete
[2025-12-10 16:36:56]    Progress: 18.0% (18.0 / 100.0 ns)
[2025-12-10 16:36:56]    Chunk time: 365.0s
[2025-12-10 16:36:56]    Current speed: 5,479,488 ns/day
[2025-12-10 16:36:56]    Estimated remaining: 4.1h
18.1%,9050000,18100.000002769953,-59.84171241876902,338.54595429565654,477,4:07:21
18.2%,9100000,18200.000002790326,-68.54294493347493,280.63631948952946,477,4:07:10
18.3%,9150000,18300.0000028107,-62.970359287828614,303.38219027245106,477,4:06:45
18.4%,9200000,18400.00000283107,-61.9986042803539,249.95777404374394,477,4:06:35
18.5%,9250000,18500.000002851444,-63.70323608811486,255.24655281380288,477,4:06:12
18.6%,9300000,18600.000002871817,-66.70122269092826,369.7986520206431,476,4:05:59
18.7%,9350000,18700.00000289219,-74.60565688684596,141.53407566052786,477,4:05:36
18.8%,9400000,18800.000002912562,-70.2737687304616,295.00857375644136,477,4:05:12
18.9%,9450000,18900.000002932935,-79.31997332852188,261.5268705656254,477,4:04:49
19.0%,9500000,19000.000002953308,-69.00774114487285,380.94845364224403,476,4:04:48
19.1%,9550000,19100.00000297368,-79.80984706722666,301.7739698043424,477,4:04:25
19.2%,9600000,19200.000002994053,-82.15137655728131,314.8312722750974,476,4:04:12
19.3%,9650000,19300.000003014426,-92.36049039944191,330.8544537865669,477,4:03:48
19.4%,9700000,19400.0000030348,-73.98764602240863,323.79980203976726,476,4:03:35
19.5%,9750000,19500.00000305517,-80.99603416027094,217.8113121518781,477,4:03:12
19.6%,9800000,19600.000003075544,-85.11250710453714,433.70402137283565,476,4:02:59
19.7%,9850000,19700.000003095916,-84.68566036145785,256.75661763323933,477,4:02:36
19.8%,9900000,19800.00000311629,-81.66903967485996,311.5858627524599,476,4:02:23
19.9%,9950000,19900.00000313666,-74.0286069765175,372.0023715704052,477,4:02:00
20.0%,10000000,20000.000003157034,-86.5451299760307,362.1705247945744,476,4:01:47
[2025-12-10 16:43:00] ✅ Chunk 10/50 complete
[2025-12-10 16:43:00]    Progress: 20.0% (20.0 / 100.0 ns)
[2025-12-10 16:43:00]    Chunk time: 363.6s
[2025-12-10 16:43:00]    Current speed: 5,500,193 ns/day
[2025-12-10 16:43:00]    Estimated remaining: 4.0h
[2025-12-10 16:43:00]    🎯 Checkpoint: 20.0 ns in 60.5 minutes
[2025-12-10 16:43:00]    Trajectory size: 1.1 MB
20.1%,10050000,20100.000003177407,-95.42730514094546,233.11847139940355,477,4:01:24
20.2%,10100000,20200.00000319778,-83.51566380183885,362.27621411697635,476,4:01:10
20.3%,10150000,20300.000003218152,-59.80747200737824,350.30093855594464,477,4:00:48
20.4%,10200000,20400.000003238525,-58.26925003383076,308.89007302117784,476,4:00:39
20.5%,10250000,20500.000003258898,-85.14940672006924,274.5134459814859,476,4:00:16
20.6%,10300000,20600.00000327927,-68.69186153821647,389.5048051731939,476,4:00:04
20.7%,10350000,20700.000003299643,-67.52148831094382,221.06335688975284,476,3:59:39
20.8%,10400000,20800.000003320016,-66.9504256087821,323.0489631997998,476,3:59:27
20.9%,10450000,20900.00000334039,-81.48582624137634,253.06176670257847,476,3:59:03
21.0%,10500000,21000.00000336076,-60.5447601669257,290.71845401201983,476,3:58:50
21.1%,10550000,21100.000003381134,-66.80417931813281,290.2868658116402,476,3:58:26
21.2%,10600000,21200.000003401507,-69.69105425730231,273.54459861670875,476,3:58:15
21.3%,10650000,21300.00000342188,-58.03716761415126,307.1568309222107,476,3:57:50
21.4%,10700000,21400.000003442252,-76.47304560118027,269.6238101932074,476,3:57:39
21.5%,10750000,21500.000003462625,-63.16380082902731,242.20578452138014,476,3:57:14
21.6%,10800000,21600.000003482997,-80.11868901870912,281.58822485782883,476,3:57:02
21.7%,10850000,21700.00000350337,-74.3582916289597,365.10956800675314,476,3:56:37
21.8%,10900000,21800.000003523743,-81.63748758158181,353.814246175525,476,3:56:26
21.9%,10950000,21900.000003544115,-75.49772703760391,292.90566301890897,476,3:56:02
22.0%,11000000,22000.000003564488,-61.681182532962794,307.18767311362234,476,3:55:50
[2025-12-10 16:49:04] ✅ Chunk 11/50 complete
[2025-12-10 16:49:04]    Progress: 22.0% (22.0 / 100.0 ns)
[2025-12-10 16:49:04]    Chunk time: 364.2s
[2025-12-10 16:49:04]    Current speed: 5,490,757 ns/day
[2025-12-10 16:49:04]    Estimated remaining: 3.9h
22.1%,11050000,22100.00000358486,-59.563031655939994,296.6966246527228,477,3:55:24
22.2%,11100000,22200.000003605233,-52.23363920894917,254.39999045475082,476,3:55:12
22.3%,11150000,22300.000003625606,-84.65361212718824,315.73711074226765,477,3:54:47
22.4%,11200000,22400.00000364598,-78.61749203613726,401.0562065222378,476,3:54:34
22.5%,11250000,22500.00000366635,-80.33007693231048,365.7787365642593,477,3:54:10
22.6%,11300000,22600.000003686724,-82.99935872627589,381.87526083056514,476,3:53:59
22.7%,11350000,22700.000003707097,-96.38132283522282,268.13598022652343,476,3:53:37
22.8%,11400000,22800.00000372747,-84.95181615202455,382.1067085989642,476,3:53:20
22.9%,11450000,22900.000003747842,-68.94494315131305,281.2018245708753,476,3:53:06
23.0%,11500000,23000.000003768215,-65.31297402345808,255.25390099027817,476,3:52:44
23.1%,11550000,23100.000003788587,-86.19771337229759,279.01865900055174,476,3:52:31
23.2%,11600000,23200.00000380896,-90.14196039160015,282.1175664754011,476,3:52:10
23.3%,11650000,23300.000003829333,-73.81314922962338,202.38140493104422,476,3:51:55
23.4%,11700000,23400.000003849706,-68.6511903195642,385.01670757473124,476,3:51:33
23.5%,11750000,23500.00000387008,-65.44109126325611,249.57935397486924,476,3:51:18
23.6%,11800000,23600.00000389045,-85.38278713826003,234.49235492440326,476,3:50:56
23.7%,11850000,23700.000003910824,-72.98952451572404,326.728497404323,476,3:50:42
23.8%,11900000,23800.000003931196,-50.10003585446975,331.39879552111165,476,3:50:20
23.9%,11950000,23900.00000395157,-78.35750504292082,395.472306665008,476,3:50:04
24.0%,12000000,24000.00000397194,-98.2328383717686,282.36946464398267,476,3:49:42
[2025-12-10 16:55:05] ✅ Chunk 12/50 complete
[2025-12-10 16:55:05]    Progress: 24.0% (24.0 / 100.0 ns)
[2025-12-10 16:55:05]    Chunk time: 361.3s
[2025-12-10 16:55:05]    Current speed: 5,534,822 ns/day
[2025-12-10 16:55:05]    Estimated remaining: 3.8h
24.1%,12050000,24100.000003992314,-85.60235252924758,298.209303052595,476,3:49:28
24.2%,12100000,24200.000004012687,-99.54733780754759,224.1465860992923,476,3:49:07
24.3%,12150000,24300.00000403306,-65.92750493174026,321.94844332245293,476,3:48:51
24.4%,12200000,24400.000004053432,-69.82081328455388,289.0249757419377,476,3:48:30
24.5%,12250000,24500.000004073805,-103.50991675149999,268.5820799716638,476,3:48:15
24.6%,12300000,24600.000004094178,-86.49029201334633,361.4416479153334,476,3:47:54
24.7%,12350000,24700.00000411455,-64.47258021414746,273.718534138404,476,3:47:39
24.8%,12400000,24800.000004134923,-95.81665469084692,286.9965496295379,476,3:47:24
24.9%,12450000,24900.000004155296,-75.96042869862868,253.6408591608094,476,3:47:03
25.0%,12500000,25000.00000417567,-83.62803518565488,299.0882815336997,476,3:46:47
25.1%,12550000,25100.00000419604,-97.63913936715107,342.82690469987676,476,3:46
25
25.2%,12600000,25200.000004216414,-67.24637441480081,385.6362872799212,476,3:46:11
25.3%,12650000,25300.000004236786,-68.94190914669889,325.71016367367065,476,3:45:50
25.4%,12700000,25400.00000425716,-85.0866312831813,318.9013103103295,476,3:45:35
25.5%,12750000,25500.000004277532,-76.5506958605256,206.4755576984242,476,3:45:13
25.6%,12800000,25600.000004297905,-95.05142795971005,244.7431138574773,476,3:44:58
25.7%,12850000,25700.000004318277,-85.79162510173046,373.0593941787062,476,3:44:36
25.8%,12900000,25800.00000433865,-59.11524055302243,280.61418805169814,476,3:44:23
25.9%,12950000,25900.000004359023,-85.98571278376767,196.23801653593105,476,3:44:00
26.0%,13000000,26000.000004379395,-75.34511312782888,394.66270788280036,476,3:43:47
[2025-12-10 17:01:11] ✅ Chunk 13/50 complete
[2025-12-10 17:01:11]    Progress: 26.0% (26.0 / 100.0 ns)
[2025-12-10 17:01:11]    Chunk time: 365.1s
[2025-12-10 17:01:11]    Current speed: 5,477,704 ns/day
[2025-12-10 17:01:11]    Estimated remaining: 3.7h
26.1%,13050000,26100.000004399768,-48.51203841960523,268.52698264256463,476,3:43:26
26.2%,13100000,26200.00000442014,-85.15914821454498,296.14348007326413,476,3:43:11
26.3%,13150000,26300.000004440513,-77.35808334941908,381.2422658973526,476,3:42:48
26.4%,13200000,26400.000004460886,-66.40672620385885,396.8967676472919,476,3:42:34
26.5%,13250000,26500.00000448126,-94.62031762280822,256.188162760251,476,3:42:12
26.6%,13300000,26600.00000450163,-91.9673623660492,258.1225141551962,476,3:41:57
26.7%,13350000,26700.000004522004,-79.70327330210148,297.85041481786044,476,3:41:43
26.8%,13400000,26800.000004542377,-72.83610738681455,313.40568622875355,476,3:41:21
26.9%,13450000,26900.00000456275,-76.47956719258627,290.41668869412075,476,3:41:07
27.0%,13500000,27000.000004583122,-73.32152997600497,258.02369298404926,476,3:40:45
27.1%,13550000,27100.000004603495,-77.06907930097077,373.3273189530456,476,3:40:29
27.2%,13600000,27200.000004623867,-96.12619358327356,370.82992689343797,476,3:40:08
27.3%,13650000,27300.00000464424,-74.84592579498167,263.78444607697145,476,3:39:54
27.4%,13700000,27400.000004664613,-79.95732188582406,369.31137303157766,476,3:39:31
27.5%,13750000,27500.000004684985,-58.784522244066466,303.9266203461821,476,3:39:10
27.6%,13800000,27600.000004705358,-77.75867663044482,279.719505791661,476,3:39:01
27.7%,13850000,27700.00000472573,-74.91052086358832,333.20397719351655,476,3:38:41
27.8%,13900000,27800.000004746104,-98.11065994605178,261.77260908184616,476,3:38:21
27.9%,13950000,27900.000004766476,-77.71564017926721,219.91077243398212,476,3:37:59
28.0%,14000000,28000.00000478685,-74.49572469521081,360.0143443250098,476,3:37:45
[2025-12-10 17:07:14] ✅ Chunk 14/50 complete
[2025-12-10 17:07:14]    Progress: 28.0% (28.0 / 100.0 ns)
[2025-12-10 17:07:14]    Chunk time: 363.6s
[2025-12-10 17:07:14]    Current speed: 5,501,298 ns/day
[2025-12-10 17:07:14]    Estimated remaining: 3.6h
28.1%,14050000,28100.00000480722,-87.20851857238449,286.70558460329084,476,3:37:22
28.2%,14100000,28200.000004827594,-89.86631515072077,405.8397634722679,476,3:37:09
28.3%,14150000,28300.000004847967,-66.9039027220424,241.07586074092353,476,3:36:46
28.4%,14200000,28400.00000486834,-82.94131773722256,219.95489427341607,476,3:36:32
28.5%,14250000,28500.000004888712,-94.7729572792258,242.3514632729352,476,3:36:10
28.6%,14300000,28600.000004909085,-47.21917949055205,215.846855031406,476,3:35:54
28.7%,14350000,28700.000004929458,-82.4948162020446,393.99470827212565,476,3:35:32
28.8%,14400000,28800.00000494983,-76.9975916938156,395.9913599530308,476,3:35:20
28.9%,14450000,28900.000004970203,-60.68315791711211,246.01837206801184,476,3:34:58
29.0%,14500000,29000.000004990576,-77.57204014761373,412.3433247020246,476,3:34:47
29.1%,14550000,29100.00000501095,-59.7152433344163,315.71912330762933,476,3:34:32
29.2%,14600000,29200.00000503132,-73.08801686199149,334.39566038648945,476,3:34:08
29.3%,14650000,29300.000005051694,-64.48389820184457,278.2875324918298,476,3:33:48
29.4%,14700000,29400.000005072066,-84.54924645279243,293.88582309335385,476,3:33:32
29.5%,14750000,29500.00000509244,-68.78630777502985,270.30642323853414,476,3:33:11
29.6%,14800000,29600.00000511281,-63.92534437541872,257.0744590729388,476,3:32:55
29.7%,14850000,29700.000005133184,-66.0223467086505,363.91109283789325,476,3:32:34
29.8%,14900000,29800.000005153557,-80.9643854922324,318.4551500275975,476,3:32:19
29.9%,14950000,29900.00000517393,-72.75151006914894,339.72799114642885,476,3:31:57
30.0%,15000000,30000.000005194303,-64.22560498164967,195.9104190156192,476,3:31:42
[2025-12-10 17:13:17] ✅ Chunk 15/50 complete
[2025-12-10 17:13:17]    Progress: 30.0% (30.0 / 100.0 ns)
[2025-12-10 17:13:17]    Chunk time: 362.8s
[2025-12-10 17:13:17]    Current speed: 5,513,402 ns/day
[2025-12-10 17:13:17]    Estimated remaining: 3.5h
[2025-12-10 17:13:17]    🎯 Checkpoint: 30.0 ns in 90.8 minutes
[2025-12-10 17:13:17]    Trajectory size: 1.7 MB
30.1%,15050000,30100.000005214675,-67.38952978083398,266.4286138941054,476,3:31:26
30.2%,15100000,30200.000005235048,-85.11703810918198,320.19444520852016,476,3:31:05
30.3%,15150000,30300.00000525542,-79.47348656615213,348.2975419082988,476,3:30:50
30.4%,15200000,30400.000005275793,-82.10155143238853,204.61443582646498,476,3:30:29
30.5%,15250000,30500.000005296166,-81.76454735116567,340.523259219647,476,3:30:13
30.6%,15300000,30600.00000531654,-104.17805504012631,243.67929535430585,476,3:29:52
30.7%,15350000,30700.00000533691,-96.91170050442452,243.36772582706132,476,3:29:35
30.8%,15400000,30800.000005357284,-77.56134837889113,295.3060828447811,476,3:29:14
30.9%,15450000,30900.000005377657,-80.66925067479315,282.9088366366128,476,3:28:59
31.0%,15500000,31000.00000539803,-86.52895671575607,286.34163122734697,476,3:28:37
31.1%,15550000,31100.000005418402,-68.45123781262737,286.56138096710026,476,3:28:23
31.2%,15600000,31200.000005438775,-45.85892978674565,270.48584089206304,476,3:28:01
31.3%,15650000,31300.000005459147,-85.21705576917157,329.46198601849727,476,3:27:47
31.4%,15700000,31400.00000547952,-28.671410953771556,230.29523089328353,476,3:27:25
31.5%,15750000,31500.000005499893,-95.42619724129327,448.84069643376705,476,3:27:10
31.6%,15800000,31600.000005520265,-82.90635813652989,234.3636499496839,476,3:26:49
31.7%,15850000,31700.000005540638,-64.60647995120962,263.53915125513174,476,3:26:34
31.8%,15900000,31800.00000556101,-69.50565985697904,338.92466679873405,476,3:26:13
31.9%,15950000,31900.000005581383,-76.86932411085581,250.7065838250877,476,3:25:57
32.0%,16000000,32000.000005601756,-85.46677562010518,298.99492776685116,476,3:25:41
[2025-12-10 17:19:21] ✅ Chunk 16/50 complete
[2025-12-10 17:19:21]    Progress: 32.0% (32.0 / 100.0 ns)
[2025-12-10 17:19:21]    Chunk time: 363.8s
[2025-12-10 17:19:21]    Current speed: 5,496,810 ns/day
[2025-12-10 17:19:21]    Estimated remaining: 3.4h
32.1%,16050000,32100.00000562213,-72.22938798807445,245.01990488601652,476,3:25:21
32.2%,16100000,32200.0000056425,-70.55228221478319,406.56214700206067,476,3:25:05
32.3%,16150000,32300.000005662874,-80.40521165292694,439.87397561013194,476,3:24:45
32.4%,16200000,32400.000005683247,-77.30854169597296,261.2664591613081,476,3:24:28
32.5%,16250000,32500.00000570362,-89.79988386077548,249.56679307727796,476,3:24:07
32.6%,16300000,32600.000005723992,-84.33670776884537,214.66454335610698,476,3:23:52
32.7%,16350000,32700.000005744365,-93.48045745989657,332.5089066015985,476,3:23:31
32.8%,16400000,32800.000005764734,-82.42437987981248,358.51303394824333,476,3:23:16
32.9%,16450000,32900.00000578511,-85.57434203699813,307.1709344810038,476,3:22:54
33.0%,16500000,33000.00000580548,-55.743855494660465,404.7754880133061,476,3:22:40
33.1%,16550000,33100.00000582585,-75.56034119673495,328.747742008997,476,3:22:18
33.2%,16600000,33200.000005846225,-65.20422660703753,210.41800250128176,476,3:22:02
33.3%,16650000,33300.0000058666,-99.623891539115,478.3490118789091,476,3:21:42
33.4%,16700000,33400.00000588697,-97.99575317047004,381.5652471771947,476,3:21:26
33.5%,16750000,33500.00000590734,-92.53849478374104,277.02951729261144,476,3:21:05
33.6%,16800000,33600.000005927715,-78.13610314443576,410.17841708406314,4
33.6%,168
33.7%,16850000,33700.00000594809,-81.27787589861123,263.4630867295413,476,3:20:29
33.8%,16900000,33800.00000596846,-48.29199185498874,461.66910373495347,476,3:20:14
33.9%,16950000,33900.00000598883,-73.44741171470378,324.6758458067055,476,3:19:58
34.0%,17000000,34000.000006009206,-60.334636487984085,330.685792497206,476,3:19:37
[2025-12-10 17:25:23] ✅ Chunk 17/50 complete
[2025-12-10 17:25:23]    Progress: 34.0% (34.0 / 100.0 ns)
[2025-12-10 17:25:23]    Chunk time: 362.7s
[2025-12-10 17:25:23]    Current speed: 5,514,801 ns/day
[2025-12-10 17:25:23]    Estimated remaining: 3.3h
34.1%,17050000,34100.00000602958,-77.6757640460346,275.0008601030233,476,3:19:22
34.2%,17100000,34200.00000604995,-53.40687442455328,354.9162356850271,476,3:19:01
34.3%,17150000,34300.000006070324,-82.7219908729603,386.7019763190178,476,3:18:46
34.4%,17200000,34400.0000060907,-61.676020098231675,423.05129281316886,476,3:18:25
34.5%,17250000,34500.00000611107,-80.18271847053984,338.1364226242768,476,3:18:09
34.6%,17300000,34600.00000613144,-58.62066210955891,293.53330457456894,476,3:17:48
34.7%,17350000,34700.000006151815,-69.15354843323928,328.4389667817772,476,3:17:33
34.8%,17400000,34800.00000617219,-79.57289060811308,240.03743354141665,476,3:17:11
34.9%,17450000,34900.00000619256,-93.59910595980182,280.58625925861594,476,3:16:56
35.0%,17500000,35000.00000621293,-62.92620916781016,286.3798096235917,476,3:16:36
35.1%,17550000,35100.000006233306,-42.953223325876024,302.17381201572056,476,3:16:20
35.2%,17600000,35200.00000625368,-59.01832444333195,431.1356081300315,476,3:16:00
35.3%,17650000,35300.00000627405,-61.63268182938191,285.0527320716251,476,3:15:44
35.4%,17700000,35400.000006294424,-64.687277349949,317.1817337538122,476,3:15:24
35.5%,17750000,35500.000006314796,-75.07057762470504,233.57941303764525,476,3:15:07
35.6%,17800000,35600.00000633517,-73.01823577888354,212.19057476277703,476,3:14:47
35.7%,17850000,35700.00000635554,-90.49158462432388,211.5422252670472,476,3:14:31
35.8%,17900000,35800.000006375914,-77.61568037679535,321.4115774764476,476,3:14:15
35.9%,17950000,35900.00000639629,-87.18358959235047,352.30520165661665,476,3:13:54
36.0%,18000000,36000.00000641666,-38.88366648386341,211.07335050652853,476,3:13:38
[2025-12-10 17:31:29] ✅ Chunk 18/50 complete
[2025-12-10 17:31:29]    Progress: 36.0% (36.0 / 100.0 ns)
[2025-12-10 17:31:29]    Chunk time: 365.2s
[2025-12-10 17:31:29]    Current speed: 5,476,181 ns/day
[2025-12-10 17:31:29]    Estimated remaining: 3.2h
36.1%,18050000,36100.00000643703,-81.10366713853728,279.8794222614098,476,3:13:18
36.2%,18100000,36200.000006457405,-76.7646453357221,308.0394318001692,476,3:13:02
36.3%,18150000,36300.00000647778,-88.40103323719813,383.5146354198534,476,3:12:42
36.4%,18200000,36400.00000649815,-66.67111560193825,315.5400305258453,476,3:12:26
36.5%,18250000,36500.00000651852,-70.5024573100236,288.51139185151106,476,3:12:05
36.6%,18300000,36600.000006538896,-61.53131928836228,327.89449302870685,476,3:11:49
36.7%,18350000,36700.00000655927,-79.30908731090312,155.26055734629315,476,3:11:28
36.8%,18400000,36800.00000657964,-85.56857698323438,231.63650055806605,476,3:11:13
36.9%,18450000,36900.000006600014,-77.52065640576984,276.8634509257868,476,3:10:52
37.0%,18500000,37000.00000662039,-73.0459227227675,292.5017868050875,476,3:10:32
37.1%,18550000,37100.00000664076,-64.68729331612076,281.0117050242999,476,3:10:18
37.2%,18600000,37200.00000666113,-70.4092857366195,287.0925266516178,476,3:09:58
37.3%,18650000,37300.000006681505,-91.21976119503597,334.61997630645845,476,3:09:42
37.4%,18700000,37400.00000670188,-66.13075540187492,287.0589017788685,476,3:09:22
37.5%,18750000,37500.00000672225,-61.96644928720127,211.47350195353306,476,3:09:06
37.6%,18800000,37600.00000674262,-75.85839323303662,390.9941045546371,476,3:08:50
37.7%,18850000,37700.000006762995,-61.42338207065768,213.94789914557487,476,3:08:30
37.8%,18900000,37800.00000678337,-74.16039395992993,286.0746740980087,476,3:08:13
37.9%,18950000,37900.00000680374,-78.40982660378359,323.0006226191071,476,3:07:54
38.0%,19000000,38000.00000682411,-80.43509983857075,330.384815823115,476,3:07:37
[2025-12-10 17:37:33] ✅ Chunk 19/50 complete
[2025-12-10 17:37:33]    Progress: 38.0% (38.0 / 100.0 ns)
[2025-12-10 17:37:33]    Chunk time: 364.0s
[2025-12-10 17:37:33]    Current speed: 5,494,899 ns/day
[2025-12-10 17:37:33]    Estimated remaining: 3.1h
38.1%,19050000,38100.000006844486,-103.24352929799352,324.72043232031405,476,3:07:16
38.2%,19100000,38200.00000686486,-86.91656573151704,296.95512810158925,476,3:07:00
38.3%,19150000,38300.00000688523,-75.48599333013408,273.10370998945166,476,3:06:40
38.4%,19200000,38400.000006905604,-74.41978494905561,280.15752488509924,476,3:06:23
38.5%,19250000,38500.00000692598,-59.07996501350317,228.50245951769597,476,3:06:03
38.6%,19300000,38600.00000694635,-75.87612729077273,468.14262322098415,476,3:05:47
38.7%,19350000,38700.00000696672,-70.62679278497399,250.69463925742951,476,3:05:27
38.8%,19400000,38800.000006987095,-68.65862191154883,443.9273295271185,476,3:05:11
38.9%,19450000,38900.00000700747,-83.90356721038552,283.7887166187499,476,3:04:50
39.0%,19500000,39000.00000702784,-82.5182380031656,332.962013450316,476,3:04:35
39.1%,19550000,39100.00000704821,-85.06060232995878,327.25007858177173,476,3:04:14
39.2%,19600000,39200.000007068586,-78.8242902271395,271.7414218419472,476,3:03:59
39.3%,19650000,39300.00000708896,-93.12848290233524,393.4209633941727,476,3:03:38
39.4%,19700000,39400.00000710933,-59.97281684364361,222.20766616397822,476,3:03:22
39.5%,19750000,39500.0000071297,-68.21590908872895,269.965154901522,476,3:03:02
39.6%,19800000,39600.000007150076,-70.40420726750745,221.02450884813595,476,3:02:46
39.7%,19850000,39700.00000717045,-63.96042162592312,364.5767802697415,476,3:02:29
39.8%,19900000,39800.00000719082,-56.151724677940365,259.62543431114443,476,3:02:10
39.9%,19950000,39900.000007211194,-53.06352215534571,291.0262313783021,476,3:01:53
40.0%,20000000,40000.00000723157,-80.90934301021116,279.49109172702236,476,3:01:34
[2025-12-10 17:43:36] ✅ Chunk 20/50 complete
[2025-12-10 17:43:36]    Progress: 40.0% (40.0 / 100.0 ns)
[2025-12-10 17:43:36]    Chunk time: 363.0s
[2025-12-10 17:43:36]    Current speed: 5,508,903 ns/day
[2025-12-10 17:43:36]    Estimated remaining: 3.0h
[2025-12-10 17:43:36]    🎯 Checkpoint: 40.0 ns in 121.1 minutes
[2025-12-10 17:43:36]    Trajectory size: 2.3 MB
40.1%,20050000,40100.00000725194,-70.71967221807586,268.2481840500628,476,3:01:17
40.2%,20100000,40200.00000727231,-91.6012354287086,317.0747939634808,476,3:00:56
40.3%,20150000,40300.000007292685,-72.48535546082894,346.84178923278023,476,3:00:40
40.4%,20200000,40400.00000731306,-79.65029407140901,357.8146096041755,476,3:00:20
40.5%,20250000,40500.00000733343,-85.2721679659735,331.2834686134834,476,3:00:04
40.6%,20300000,40600.0000073538,-71.71273446130726,279.94892960103675,476,2:59:44
40.7%,20350000,40700.000007374176,-39.109655039035715,342.0889015492367,476,2:59:27
40.8%,20400000,40800.00000739455,-85.74821412721394,219.72201879963555,476,2:59:07
40.9%,20450000,40900.00000741492,-71.7382240954903,354.3987582731898,476,2:58:51
41.0%,20500000,41000.000007435294,-76.16548476521939,200.18324107673203,476,2:58:31
41.1%,20550000,41100.00000745567,-91.34972561849281,203.17475033959377,476,2:58:15
41.2%,20600000,41200.00000747604,-85.29038429428329,385.4181925584968,476,2:57:55
41.3%,20650000,41300.00000749641,-70.8887480145786,258.6656804904194,476,2:57:38
41.4%,20700000,41400.000007516785,-69.95326898377971,336.6142234609353,476,2:57:22
41.5%,20750000,41500.00000753716,-95.08195889789204,300.41153233805755,476,2:57:02
41.6%,20800000,41600.00000755753,-78.38227289049973,324.45901978820166,476,2:56:47
41.7%,20850000,41700.0000075779,-75.57015521514859,263.2940154845132,476,2:56:26
41.8%,20900000,41800.000007598275,-69.4693633581046,271.62158118972405,476,2:56:10
41.9%,20950000,41900.00000761865,-43.27370839280775,158.61280095176076,476,2:55:50
42.0%,21000000,42000.00000763902,-93.30900689065538,272.07728438408583,476,2:55:34
[2025-12-10 17:49:41] ✅ Chunk 21/50 complete
[2025-12-10 17:49:41]    Progress: 42.0% (42.0 / 100.0 ns)
[2025-12-10 17:49:
[2025-12-10 17:38:01]   
[2025-12-10 17:49:41]    Current speed: 5,473,418 ns/day
[2025-12-10 17:49:41]    Estimated remaining: 2.9h
42.1%,21050000,42100.00000765939,-93.52672286488814,299.24614423691463,476,2:55:13
42.2%,21100000,42200.000007679766,-51.77658954204526,318.01736099008735,476,2:54:57
42.3%,21150000,42300.00000770014,-93.33160984647031,318.73016954915835,476,2:54:37
42.4%,21200000,42400.00000772051,-81.69633290642923,272.2378412027307,476,2:54:20
42.5%,21250000,42500.000007740884,-78.9607628075803,273.5155387623753,476,2:54:00
42.6%,21300000,42600.00000776126,-95.80588519604112,218.74985062916784,476,2:53:44
42.7%,21350000,42700.00000778163,-82.44635279309296,245.17994443754543,476,2:53:24
42.8%,21400000,42800.000007802,-76.88562559388811,282.44616039503,476,2:53:11
42.9%,21450000,42900.000007822375,-88.64056533407893,414.8697877286586,476,2:52:53
43.0%,21500000,43000.00000784275,-69.74452002300677,319.39223131404754,476,2:52:30
43.1%,21550000,43100.00000786312,-75.71568934065908,263.11638949676654,476,2:52:11
43.2%,21600000,43200.00000788349,-81.83169309392542,276.48529018797086,476,2:51:54
43.3%,21650000,43300.000007903865,-69.29085407499224,336.1976643171864,476,2:51:34
43.4%,21700000,43400.00000792424,-75.57312774503953,296.0169438744334,476,2:51:18
43.5%,21750000,43500.00000794461,-91.31201718724333,353.16296822276655,476,2:50:58
43.6%,21800000,43600.00000796498,-75.53765912338622,454.4710974362744,476,2:50:41
43.7%,21850000,43700.000007985356,-53.24008853605483,354.67980166579247,476,2:50:25
43.8%,21900000,43800.00000800573,-73.66169324683142,300.1791295661382,476,2:50:05
43.9%,21950000,43900.0000080261,-84.01565277462214,268.7009885128576,476,2:49:48
44.0%,22000000,44000.000008046474,-77.090379854606,243.8489540599623,476,2:49:28
[2025-12-10 17:55:43] ✅ Chunk 22/50 complete
[2025-12-10 17:55:43]    Progress: 44.0% (44.0 / 100.0 ns)
[2025-12-10 17:55:43]    Chunk time: 361.8s
[2025-12-10 17:55:43]    Current speed: 5,528,516 ns/day
[2025-12-10 17:55:43]    Estimated remaining: 2.8h
44.1%,22050000,44100.00000806685,-78.48169078916544,305.6065410582146,476,2:49:09
44.2%,22100000,44200.00000808722,-91.0777470803987,293.9061879720602,476,2:48:54
44.3%,22150000,44300.00000810759,-74.97989575730753,320.9758265666479,476,2:48:34
44.4%,22200000,44400.000008127965,-55.9720398152549,353.1350135103231,476,2:48:17
44.5%,22250000,44500.00000814834,-77.1667456291616,370.4487410569096,476,2:47:58
44.6%,22300000,44600.00000816871,-72.91782055111253,354.4297138538135,476,2:47:41
44.7%,22350000,44700.00000818908,-80.99210437789384,207.39831344493518,476,2:47:21
44.8%,22400000,44800.000008209456,-62.47530910727437,308.62503216242567,476,2:47:03
44.9%,22450000,44900.00000822983,-68.60274157993263,364.34141258088977,476,2:46:47
45.0%,22500000,45000.0000082502,-70.71436545948382,323.3688193621307,476,2:46:30
45.1%,22550000,45100.000008270574,-79.18067611798324,416.7119163457182,476,2:46:10
45.2%,22600000,45200.00000829095,-79.24051903898362,339.90255570411017,476,2:45:54
45.3%,22650000,45300.00000831132,-70.19559384672903,205.48321577397772,476,2:45:34
45.4%,22700000,45400.00000833169,-67.465013064284,248.74356561759268,476,2:45:17
45.5%,22750000,45500.000008352064,-73.15449911465112,202.33247137932509,476,2:44:57
45.6%,22800000,45600.00000837244,-86.95957304694457,287.98398019992055,476,2:44:41
45.7%,22850000,45700.00000839281,-77.8490199691762,223.4011498263502,476,2:44:23
45.8%,22900000,45800.00000841318,-80.29862433827657,218.38351309837046,476,2:44:04
45.9%,22950000,45900.000008433555,-72.48716164531652,333.1579301681269,476,2:43:46
46.0%,23000000,46000.00000845393,-84.98310418127221,393.2872140448327,476,2:43:27
[2025-12-10 18:01:48] ✅ Chunk 23/50 complete
[2025-12-10 18:01:48]    Progress: 46.0% (46.0 / 100.0 ns)
[2025-12-10 18:01:48]    Chunk time: 364.9s
[2025-12-10 18:01:48]    Current speed: 5,480,545 ns/day
[2025-12-10 18:01:48]    Estimated remaining: 2.7h
46.1%,23050000,46100.0000084743,-61.57893828583474,266.61717103937747,476,2:43:07
46.2%,23100000,46200.00000849467,-73.10803996054528,254.29886790575128,476,2:42:50
46.3%,23150000,46300.000008515046,-52.92747331035207,309.88306200166085,476,2:42:33
46.4%,23200000,46400.00000853542,-60.43722917535342,208.2795580931781,476,2:42:14
46.5%,23250000,46500.00000855579,-87.16265902796295,158.29747308317783,476,2:41:56
46.6%,23300000,46600.000008576164,-90.69161323655862,194.0066591624254,476,2:41:37
46.7%,23350000,46700.00000859654,-66.50987397691847,311.5152380290268,476,2:41:20
46.8%,23400000,46800.00000861691,-55.2564515205886,282.02797621923503,476,2:41:00
46.9%,23450000,46900.00000863728,-62.6630282923943,314.62871170727743,476,2:40:43
47.0%,23500000,47000.000008657655,-69.07056699320674,297.9947907787292,476,2:40:23
47.1%,23550000,47100.00000867803,-88.85857163484616,338.68442018291955,476,2:40:07
47.2%,23600000,47200.0000086984,-79.5133964987208,354.5064856669174,476,2:39:47
47.3%,23650000,47300.00000871877,-50.24307702974693,260.8007038899612,476,2:39:30
47.4%,23700000,47400.000008739145,-83.08509415999106,297.053931639014,476,2:39:10
47.5%,23750000,47500.00000875952,-71.752802957315,213.59041278833692,476,2:38:54
47.6%,23800000,47600.00000877989,-88.44428078780766,332.3519008353374,476,2:38:34
47.7%,23850000,47700.00000880026,-71.33561176024477,360.34611614409164,476,2:38:18
47.8%,23900000,47800.000008820636,-64.7507165944553,382.4337700871358,476,2:37:58
47.9%,23950000,47900.00000884101,-77.06728106015362,297.685269882781,476,2:37:41
48.0%,24000000,48000.00000886138,-89.94445697235642,261.57108683016247,476,2:37:22
[2025-12-10 18:07:49] ✅ Chunk 24/50 complete
[2025-12-10 18:07:49]    Progress: 48.0% (48.0 / 100.0 ns)
[2025-12-10 18:07:49]    Chunk time: 361.4s
[2025-12-10 18:07:49]    Current speed: 5,534,447 ns/day
[2025-12-10 18:07:49]    Estimated remaining: 2.6h
48.1%,24050000,48100.000008881754,-92.6799363713344,312.5010463088742,476,2:37:05
48.2%,24100000,48200.00000890213,-81.71081987836806,270.8418428104342,476,2:36:48
48.3%,24150000,48300.0000089225,-80.74317917088047,336.36222160111123,476,2:36:29
48.4%,24200000,48400.00000894287,-83.21514821451274,314.1827970526232,476,2:36:12
48.5%,24250000,48500.000008963245,-75.9396337704975,202.27783877904113,476,2:35:52
48.6%,24300000,48600.00000898362,-95.63162118254695,436.609811746546,476,2:35:36
48.7%,24350000,48700.00000900399,-87.85702295447118,353.5980693202321,476,2:35:16
48.8%,24400000,48800.00000902436,-90.79241704890887,373.4991048067989,476,2:35:00
48.9%,24450000,48900.000009044736,-56.483585164085525,402.05174516313775,476,2:34:40
49.0%,24500000,49000.00000906511,-61.3942367912241,251.94588409577452,476,2:34:23
49.1%,24550000,49100.00000908548,-73.13254815666005,216.64516104848735,476,2:34:04
49.2%,24600000,49200.000009105854,-72.80333794071339,332.3893324089109,476,2:33:47
49.3%,24650000,49300.000009126226,-82.58462241117377,235.69972572289313,476,2:33:27
49.4%,24700000,49400.0000091466,-98.34328986831679,216.7469706270201,476,2:33:10
49.5%,24750000,49500.00000916697,-84.50793417667455,364.11463417240464,476,2:32:51
49.6%,24800000,49600.000009187344,-55.57501270012381,273.65232220629275,476,2:32:34
49.7%,24850000,49700.00000920772,-84.0148882615922,364.98242080149134,476,2:32:14
49.8%,24900000,49800.00000922809,-71.0649240373532,204.04167764401146,476,2:31:57
49.9%,24950000,49900.00000924846,-63.05212562991073,377.5006847132918,476,2:31:41
50.0%,25000000,50000.000009268835,-72.04739169511595,224.60826218806577,476,2:31:21
[2025-12-10 18:13:55] ✅ Chunk 25/50 complete
[2025-12-10 18:13:55]    Progress: 50.0% (50.0 / 100.0 ns)
[2025-12-10 18:13:55]    Chunk time: 365.5s
[2025-12-10 18:13:55]    Current speed: 5,471,592 ns/day
[2025-12-10 18:13:55]    Estimated remaining: 2.5h
[2025-12-10 18:13:55]    🎯 Checkpoint: 50.0 ns in 151.4 minutes
[2025-12-10 18:13:55]    Trajectory size: 2.8 MB
50.1%,25050000,50100.00000928921,-86.72287989786128,298.380668997273,476,2:31:04
50.2%,25100000,50200.00000930958,-98.52936440467369,308.2100902103801,476,2:30:45
50.3%,25150000,50300.00000932995,-78.6264428729719,254.97549247768885,476,2:30:28
50.4%,25200000,50400.000009350326,-43.53596289566485,353.43201567239174,476,2:30:08
50
50.4%,25200000,50400.000009350326,-48.12561182625359,288.29846818578625,514,2:
50.6%,25300000,50600.00000939107,-86.19224542807933,267.6870492395407,476,2:29:32
50.7%,25350000,50700.000009411444,-96.39862411038484,306.6852098371741,476,2:29:13
50.8%,25400000,50800.00000943182,-88.9036147390143,263.83869170047916,476,2:28:57
50.9%,25450000,50900.00000945219,-62.41248850507691,312.3372308349375,476,2:28:38
51.0%,25500000,51000.00000947256,-51.75680526367091,375.77733891485275,476,2:28:21
51.1%,25550000,51100.000009492935,-72.34612435370218,370.3850802425478,476,2:28:02
51.2%,25600000,51200.00000951331,-75.02782596112229,293.5123428332127,476,2:27:44
51.3%,25650000,51300.00000953368,-82.22497304286662,315.77562709032645,476,2:27:25
51.4%,25700000,51400.00000955405,-51.77302152529592,253.66604188197178,476,2:27:08
51.5%,25750000,51500.000009574425,-100.38056003490362,318.63641740022763,476,2:26:48
51.6%,25800000,51600.0000095948,-65.66387410333846,276.76203073203726,476,2:26:32
51.7%,25850000,51700.00000961517,-71.60478979596519,433.4751775009819,476,2:26:12
51.8%,25900000,51800.00000963554,-76.81529555423185,392.51950034091976,476,2:25:55
51.9%,25950000,51900.000009655916,-61.99494572094409,218.9223728913237,476,2:25:38
52.0%,26000000,52000.00000967629,-72.42276059274445,392.8974351398443,476,2:25:19
[2025-12-10 18:20:00] ✅ Chunk 26/50 complete
[2025-12-10 18:20:00]    Progress: 52.0% (52.0 / 100.0 ns)
[2025-12-10 18:20:00]    Chunk time: 365.0s
[2025-12-10 18:20:00]    Current speed: 5,479,967 ns/day
[2025-12-10 18:20:00]    Estimated remaining: 2.4h
52.1%,26050000,52100.00000969666,-92.24474621317495,250.09823111349942,476,2:25:03
52.2%,26100000,52200.000009717034,-68.95366131962669,296.51295046647715,476,2:24:44
52.3%,26150000,52300.00000973741,-69.03111950504172,355.0057442723899,475,2:24:28
52.4%,26200000,52400.00000975778,-87.0578408529218,224.94860730518434,476,2:24:08
52.5%,26250000,52500.00000977815,-76.24728932441212,318.26103260542294,475,2:23:52
52.6%,26300000,52600.000009798525,-60.06584961246699,284.219312593756,475,2:23:32
52.7%,26350000,52700.0000098189,-43.97318780981004,370.5791272333541,475,2:23:16
52.8%,26400000,52800.00000983927,-93.6161468905807,264.5674466670874,475,2:22:57
52.9%,26450000,52900.00000985964,-88.72981962259655,257.7790113747375,475,2:22:40
53.0%,26500000,53000.000009880016,-83.73668402726616,339.8496757005829,475,2:22:21
53.1%,26550000,53100.00000990039,-81.13919216343493,260.82795748462075,475,2:22:04
53.2%,26600000,53200.00000992076,-74.94160969911263,314.566425055464,475,2:21:47
53.3%,26650000,53300.00000994113,-94.55668183503951,269.5508577057861,475,2:21:28
53.4%,26700000,53400.000009961506,-85.74942406004993,272.55547223610176,475,2:21:11
53.5%,26750000,53500.00000998188,-74.23497662507725,291.19744081196325,475,2:20:52
53.6%,26800000,53600.00001000225,-72.87471813015873,294.2224836069365,475,2:20:34
53.7%,26850000,53700.000010022624,-78.10116266363661,393.74779312844817,475,2:20:16
53.8%,26900000,53800.000010043,-94.32434683648535,300.91755542138316,475,2:19:58
53.9%,26950000,53900.00001006337,-81.71714308162336,314.77835886357565,475,2:19:39
54.0%,27000000,54000.00001008374,-45.62483800761402,306.6712716036596,475,2:19:22
[2025-12-10 18:26:10] ✅ Chunk 27/50 complete
[2025-12-10 18:26:10]    Progress: 54.0% (54.0 / 100.0 ns)
[2025-12-10 18:26:10]    Chunk time: 370.5s
[2025-12-10 18:26:10]    Current speed: 5,397,799 ns/day
[2025-12-10 18:26:10]    Estimated remaining: 2.3h
54.1%,27050000,54100.000010104115,-72.42864330502925,275.4209740217647,475,2:19:04
54.2%,27100000,54200.00001012449,-81.93830590670404,428.82200605493597,475,2:18:46
54.3%,27150000,54300.00001014486,-75.18148962734267,349.58468193629545,475,2:18:28
54.4%,27200000,54400.00001016523,-69.45309723944592,382.45410038268926,475,2:18:11
54.5%,27250000,54500.000010185606,-75.3917083145061,440.9147235333226,475,2:17:54
54.6%,27300000,54600.00001020598,-79.70821944663658,278.0167787137167,475,2:17:35
54.7%,27350000,54700.00001022635,-79.10220031303766,217.6644860294411,475,2:17:18
54.8%,27400000,54800.000010246724,-67.51856843867608,292.13677685772876,475,2:16:59
54.9%,27450000,54900.0000102671,-60.80248701031087,240.7371880255944,475,2:16:42
55.0%,27500000,55000.00001028747,-89.46718235735898,337.3618425610094,475,2:16:23
55.1%,27550000,55100.00001030784,-75.69145774142817,338.9826675740082,475,2:16:05
55.2%,27600000,55200.000010328215,-70.55766382685397,259.2396351157813,475,2:15:46
55.3%,27650000,55300.00001034859,-85.98341876408995,325.3665905091637,475,2:15:29
55.4%,27700000,55400.00001036896,-97.372232020909,274.2688677465123,475,2:15:10
55.5%,27750000,55500.00001038933,-75.50778953195822,286.77279121982923,475,2:14:53
55.6%,27800000,55600.000010409705,-61.01353892561383,434.07269071955466,475,2:14:36
55.7%,27850000,55700.00001043008,-81.85934473816633,310.30549415361236,475,2:14:17
55.8%,27900000,55800.00001045045,-79.81112969957758,311.4266165127775,475,2:14:00
55.9%,27950000,55900.00001047082,-89.15033312194282,277.3039001702983,475,2:13:41
56.0%,28000000,56000.000010491196,-63.12138051302827,305.45386365426214,475,2:13:24
[2025-12-10 18:32:21] ✅ Chunk 28/50 complete
[2025-12-10 18:32:21]    Progress: 56.0% (56.0 / 100.0 ns)
[2025-12-10 18:32:21]    Chunk time: 370.7s
[2025-12-10 18:32:21]    Current speed: 5,394,689 ns/day
[2025-12-10 18:32:21]    Estimated remaining: 2.2h
56.1%,28050000,56100.00001051157,-60.33036341447382,354.64564390878115,475,2:13:06
56.2%,28100000,56200.00001053194,-71.25361584405618,287.21539020324417,475,2:12:48
56.3%,28150000,56300.000010552314,-71.73862844973337,301.23414967027963,475,2:12:31
56.4%,28200000,56400.00001057269,-73.30958972843291,328.504935340399,475,2:12:14
56.5%,28250000,56500.00001059306,-68.45448402930992,221.91594539781315,475,2:11:55
56.6%,28300000,56600.00001061343,-63.16225227341056,385.2243962963001,475,2:11:38
56.7%,28350000,56700.000010633805,-91.93064947094535,232.48331339606165,475,2:11:19
56.8%,28400000,56800.00001065418,-86.3144735187525,292.97453101114417,475,2:11:02
56.9%,28450000,56900.00001067455,-77.70769218944042,410.7269925142625,475,2:10:45
57.0%,28500000,57000.00001069492,-72.62638921711186,297.1289729710036,475,2:10:26
57.1%,28550000,57100.000010715296,-77.15774937262427,324.6336697228207,475,2:10:09
57.2%,28600000,57200.00001073567,-91.97154010855593,236.45534880086888,475,2:09:50
57.3%,28650000,57300.00001075604,-100.32789756263901,317.86875588396356,475,2:09:33
57.4%,28700000,57400.00001077641,-78.82956946991271,313.77918566972704,475,2:09:14
57.5%,28750000,57500.000010796786,-78.06604987289757,238.04041458420485,475,2:08:57
57.6%,28800000,57600.00001081716,-93.17145572399022,145.839580582934,475,2:08:38
57.7%,28850000,57700.00001083753,-107.97159522237962,282.0644909515895,475,2:08:21
57.8%,28900000,57800.000010857904,-65.21620242327299,337.4953236671502,475,2:08:02
57.9%,28950000,57900.00001087828,-75.59646278159926,317.5441462272757,475,2:07:45
58.0%,29000000,58000.00001089865,-70.38662903859222,325.1764349652548,475,2:07:26
[2025-12-10 18:38:32] ✅ Chunk 29/50 complete
[2025-12-10 18:38:32]    Progress: 58.0% (58.0 / 100.0 ns)
[2025-12-10 18:38:32]    Chunk time: 371.1s
[2025-12-10 18:38:32]    Current speed: 5,388,869 ns/day
[2025-12-10 18:38:32]    Estimated remaining: 2.1h
58.1%,29050000,58100.00001091902,-70.35892768055419,435.0195451576241,474,2:07:09
58.2%,29100000,58200.000010939395,-50.52065999171464,263.26392898135686,475,2:06:50
58.3%,29150000,58300.00001095977,-82.2573334090921,386.5416676452811,474,2:06:33
58.4%,29200000,58400.00001098014,-72.9238553213072,282.84020172709074,475,2:06:14
58.5%,29250000,58500.00001100051,-94.26117420378432,357.5313962126477,474,2:05:57
58.6%,29300000,58600.000011020886,-96.70083086696468,225.27558859886523,474,2:05:40
58.7%,29350000,58700.00001104126,-69.77969981372007,216.0855245913411,474,2:05:21
58.8%,29400000,58800.00001106163,-70.37938720916145,298.53325405881355,474,2:05:04
58.9%,29450000,58900.000011082004,-81.57019805551317,359.6614790002175,474,2:04:45
59.0%,29500000,59000.00001110238,-66.32910421172483,318.3543812936972,474,2:04:28
59.1%,29550000,59100.00001112275,-58.995140157514925,353.3030552330539,474,2:04:09

59.1%,29550000,59100.00001112275,-103.2260430479655,203.381762463078,513,1:54:49

59.3%,29650000,59300.000011163494,-90.40763063763734,310.6424293714277,474,2:03:33
59.4%,29700000,59400.00001118387,-57.451437959389295,303.9702903287982,474,2:03:15
59.5%,29750000,59500.00001120424,-41.02900118503021,343.2189438289905,474,2:02:56
59.6%,29800000,59600.00001122461,-58.62412342605239,298.7392715842616,474,2:02:39
59.7%,29850000,59700.000011244985,-88.82862601670058,290.8292287926184,474,2:02:19
59.8%,29900000,59800.00001126536,-72.51377130698302,339.07639551495805,474,2:02:02
59.9%,29950000,59900.00001128573,-53.795931220112834,338.1767823175252,474,2:01:42
60.0%,30000000,60000.0000113061,-77.96522908680708,311.1158973744976,474,2:01:25
[2025-12-10 18:44:41] ✅ Chunk 30/50 complete
[2025-12-10 18:44:41]    Progress: 60.0% (60.0 / 100.0 ns)
[2025-12-10 18:44:41]    Chunk time: 369.3s
[2025-12-10 18:44:41]    Current speed: 5,415,559 ns/day
[2025-12-10 18:44:41]    Estimated remaining: 2.0h
[2025-12-10 18:44:41]    🎯 Checkpoint: 60.0 ns in 182.2 minutes
[2025-12-10 18:44:41]    Trajectory size: 3.4 MB
60.1%,30050000,60100.000011326476,-35.22233692182249,372.95814997440795,474,2:01:06
60.2%,30100000,60200.00001134685,-93.34205709130038,346.86877600701933,474,2:00:49
60.3%,30150000,60300.00001136722,-62.608896351157455,309.3157317342964,474,2:00:30
60.4%,30200000,60400.000011387594,-91.44461426859198,275.00598568283567,474,2:00:14
60.5%,30250000,60500.00001140797,-56.395992673235014,388.79796755161215,474,1:59:55
60.6%,30300000,60600.00001142834,-96.25905953499023,334.8872947473582,474,1:59:38
60.7%,30350000,60700.00001144871,-76.01477201085072,256.85115203068136,474,1:59:21
60.8%,30400000,60800.000011469085,-65.89029523498175,244.99475370127132,474,1:59:02
60.9%,30450000,60900.00001148946,-82.74055269893142,296.16131938751903,474,1:58:44
61.0%,30500000,61000.00001150983,-84.90152429626323,416.16875071810074,474,1:58:25
61.1%,30550000,61100.0000115302,-83.71486131582913,301.9088297558861,474,1:58:08
61.2%,30600000,61200.000011550575,-59.25138390439179,227.0714806331886,474,1:57:49
61.3%,30650000,61300.00001157095,-82.64093692362803,244.54444167893263,474,1:57:32
61.4%,30700000,61400.00001159132,-71.07846957852962,318.6861726471092,474,1:57:13
61.5%,30750000,61500.00001161169,-90.82057003476075,214.51263978782637,474,1:56:55
61.6%,30800000,61600.000011632066,-79.08869414881337,345.38024480859747,474,1:56:36
61.7%,30850000,61700.00001165244,-100.5775491275017,318.8653403700757,474,1:56:19
61.8%,30900000,61800.00001167281,-93.79637047374854,305.9550861890451,474,1:56:00
61.9%,30950000,61900.000011693184,-87.84488849568879,286.53246958600647,474,1:55:43
62.0%,31000000,62000.00001171356,-79.66121707507409,368.70802744289216,474,1:55:24
[2025-12-10 18:50:51] ✅ Chunk 31/50 complete
[2025-12-10 18:50:51]    Progress: 62.0% (62.0 / 100.0 ns)
[2025-12-10 18:50:51]    Chunk time: 369.8s
[2025-12-10 18:50:51]    Current speed: 5,409,043 ns/day
[2025-12-10 18:50:51]    Estimated remaining: 1.9h
62.1%,31050000,62100.00001173393,-84.45264627388678,212.07902432534271,474,1:55:07
62.2%,31100000,62200.0000117543,-61.396320202737115,278.5417509323904,474,1:54:48
62.3%,31150000,62300.000011774675,-81.63175014382114,335.68783660869246,474,1:54:31
62.4%,31200000,62400.00001179505,-55.459919996908866,325.77284562982345,474,1:54:12
62.5%,31250000,62500.00001181542,-53.562028782129346,206.68596001880763,474,1:53:54
62.6%,31300000,62600.00001183579,-71.47401953578083,488.2599528115624,474,1:53:37
62.7%,31350000,62700.000011856166,-72.43194442981621,302.5311042859068,474,1:53:18
62.8%,31400000,62800.00001187654,-76.83269464861951,131.65970702597986,474,1:53:01
62.9%,31450000,62900.00001189691,-86.12744389552972,264.6832394764483,474,1:52:42
63.0%,31500000,63000.000011917284,-56.25603165203938,253.34595839766632,474,1:52:25
63.1%,31550000,63100.00001193766,-76.42850742096198,315.47071971153105,474,1:52:06
63.2%,31600000,63200.00001195803,-51.46884749527089,367.42792127304773,474,1:51:49
63.3%,31650000,63300.0000119784,-82.26207005697506,392.6197387945937,474,1:51:30
63.4%,31700000,63400.000011998774,-47.33720612610341,274.52839153606254,474,1:51:12
63.5%,31750000,63500.00001201915,-76.27678398349758,402.275590963593,474,1:50:53
63.6%,31800000,63600.00001203952,-73.18532583829835,303.11213425027665,474,1:50:36
63.7%,31850000,63700.00001205989,-70.65133165977022,265.8450373776326,474,1:50:17
63.8%,31900000,63800.000012080265,-88.68597044516355,378.9084880229697,474,1:50:00
63.9%,31950000,63900.00001210064,-73.92591029332607,255.9751685645572,474,1:49:41
64.0%,32000000,64000.00001212101,-66.21296288576559,322.12038593362973,474,1:49:24
[2025-12-10 18:57:02] ✅ Chunk 32/50 complete
[2025-12-10 18:57:02]    Progress: 64.0% (64.0 / 100.0 ns)
[2025-12-10 18:57:02]    Chunk time: 371.2s
[2025-12-10 18:57:02]    Current speed: 5,387,457 ns/day
[2025-12-10 18:57:02]    Estimated remaining: 1.8h
64.1%,32050000,64100.00001214138,-75.95631689099946,351.14319819432546,474,1:49:05
64.2%,32100000,64200.000012161756,-86.18117100838572,350.68410390360924,474,1:48:47
64.3%,32150000,64300.00001218213,-96.5571347263176,465.36564711615915,474,1:48:28
64.4%,32200000,64400.0000122025,-82.36108631268144,217.69459019407714,474,1:48:11
64.5%,32250000,64500.000012222874,-83.14961356965068,236.2602236900529,474,1:47:52
64.6%,32300000,64600.00001224325,-71.53379114228301,320.58095221974713,474,1:47:35
64.7%,32350000,64700.00001226362,-72.53211720276158,309.2874336546442,474,1:47:17
64.8%,32400000,64800.00001228399,-68.10051072592614,319.37580222181316,474,1:46:58
64.9%,32450000,64900.000012304365,-73.42231097212061,383.60156631943573,474,1:46:41
65.0%,32500000,65000.00001232474,-84.18012218734657,231.0587238786635,474,1:46:23
65.1%,32550000,65100.00001234511,-83.07606632182615,192.29519199007981,474,1:46:05
65.2%,32600000,65200.00001236548,-70.58692449357477,307.2644821543234,474,1:45:46
65.3%,32650000,65300.000012385855,-67.16254765582198,274.4971149346728,474,1:45:29
65.4%,32700000,65400.00001240623,-80.23233456746675,353.39690944071043,474,1:45:10
65.5%,32750000,65500.0000124266,-77.60305923432588,170.14115136070802,474,1:44:52
65.6%,32800000,65600.00001221414,-70.3433794118755,209.90578649206506,474,1:44:33
65.7%,32850000,65700.00001187071,-87.6452504532499,220.09005888618898,474,1:44:16
65.8%,32900000,65800.00001152729,-88.89330966262787,210.55657784299905,474,1:43:57
65.9%,32950000,65900.00001118386,-79.7002722193356,366.1131919524585,474,1:43:40
66.0%,33000000,66000.00001084043,-83.63827361166022,363.60630375727925,474,1:43:21
[2025-12-10 19:03:10] ✅ Chunk 33/50 complete
[2025-12-10 19:03:10]    Progress: 66.0% (66.0 / 100.0 ns)
[2025-12-10 19:03:10]    Chunk time: 367.9s
[2025-12-10 19:03:10]    Current speed: 5,436,315 ns/day
[2025-12-10 19:03:10]    Estimated remaining: 1.7h
66.1%,33050000,66100.00001049701,-94.59183535015472,309.6846785931361,474,1:43:03
66.2%,33100000,66200.00001015358,-67.6488107700934,378.2948207020927,474,1:42:44
66.3%,33150000,66300.00000981016,-63.241598550537674,302.12060973858183,474,1:42:27
66.4%,33200000,66400.00000946673,-76.75388382130768,277.61031124578375,474,1:42:08
66.5%,33250000,66500.00000912331,-97.20586595943314,338.6809234072316,474,1:41:51
66.6%,33300000,66600.00000877988,-63.122563513810746,236.98529175920248,474,1:41:33
66.7%,33350000,66700.00000843646,-103.23685757947169,265.3416990110627,474,1:41:14
66.8%,33400000,66800.00000809303,-82.52054267469794,322.4876597125892,474,1:40:57
66.9%,33450000,66900.00000774961,-80.82472731935559,340.1385525476345,474,1:40:38
67.0%,33500000,67000.00000740618,-49.43343981567887,219.23400697672696,474,1:40:20
67.1%,33550000,67100.00000706276,-77.06384092026929,173.11535244884783,474,1:40:02
67.2%,33600000,67200.00000671933,-60.203174786191084,366.80141492219286,474,1:39:44
67.3%,33650000,67300.0000063759,-74.2080046017627,478.0156498021488,474,1:39:26
67.4%,33700000,67400.00000603248,-74.29164202728498,309.1279366279325,474,1:39:08
67.5%,33750000,67500.00000568906,-75.44267481165298,365.4998778935074,474,1:38:49
67.6%,33800000,67600.00000534563,-68.66901353001595,318.32625868152553,474,1:38:31
67.7%,33850000,67700.0000050022,-93.92714014086005,208.6557
67.7%,33850000,67700.0000050022,-95.52073290060798,237.204872271388,511,1:31:04
67.8%,33900000,67800.000
67.9%,33950000,67900.00000431536,-77.19851116635073,267.353000070056,474,1:37:36
68.0%,34000000,68000.00000397193,-81.16611660216586,211.85021306180477,473,1:37:19
[2025-12-10 19:09:21] ✅ Chunk 34/50 complete
[2025-12-10 19:09:21]    Progress: 68.0% (68.0 / 100.0 ns)
[2025-12-10 19:09:21]    Chunk time: 371.3s
[2025-12-10 19:09:21]    Current speed: 5,386,785 ns/day
[2025-12-10 19:09:21]    Estimated remaining: 1.6h
68.1%,34050000,68100.0000036285,-76.1845967641566,360.2651162920989,474,1:37:00
68.2%,34100000,68200.00000328508,-64.4488936769776,357.81494044102755,473,1:36:42
68.3%,34150000,68300.00000294166,-82.96284122187353,222.4334603561585,474,1:36:23
68.4%,34200000,68400.00000259823,-74.54566423379583,224.2095738175693,473,1:36:06
68.5%,34250000,68500.0000022548,-89.95876804611362,344.9584037001559,474,1:35:47
68.6%,34300000,68600.00000191138,-79.56099997163926,225.19410169393842,473,1:35:30
68.7%,34350000,68700.00000156795,-77.76704368200444,214.43141602334853,473,1:35:12
68.8%,34400000,68800.00000122453,-62.26004849128344,310.2804855617753,473,1:34:53
68.9%,34450000,68900.0000008811,-56.04317959828768,270.0343906894093,473,1:34:36
69.0%,34500000,69000.00000053768,-89.93044173871749,359.89461862999343,473,1:34:17
69.1%,34550000,69100.00000019425,-61.3046146142151,240.1333055898009,473,1:33:59
69.2%,34600000,69199.99999985083,-81.69518144507742,306.527197132006,473,1:33:40
69.3%,34650000,69299.9999995074,-54.29673111815555,209.9684960148535,473,1:33:23
69.4%,34700000,69399.99999916398,-65.63708296939149,350.75531849510844,473,1:33:04
69.5%,34750000,69499.99999882055,-75.59768896318565,270.37290650439,473,1:32:46
69.6%,34800000,69599.99999847713,-79.60127046026435,359.69484556346526,473,1:32:27
69.7%,34850000,69699.9999981337,-66.0838004014804,260.654445254567,473,1:32:10
69.8%,34900000,69799.99999779028,-69.78534509612291,284.27431470636134,473,1:31:51
69.9%,34950000,69899.99999744685,-72.59514561534161,244.45591844467404,473,1:31:34
70.0%,35000000,69999.99999710343,-77.49727558222366,451.3911105960493,473,1:31:15
[2025-12-10 19:15:28] ✅ Chunk 35/50 complete
[2025-12-10 19:15:28]    Progress: 70.0% (70.0 / 100.0 ns)
[2025-12-10 19:15:28]    Chunk time: 366.9s
[2025-12-10 19:15:28]    Current speed: 5,451,081 ns/day
[2025-12-10 19:15:28]    Estimated remaining: 1.5h
[2025-12-10 19:15:28]    🎯 Checkpoint: 70.0 ns in 212.9 minutes
[2025-12-10 19:15:28]    Trajectory size: 4.0 MB
70.1%,35050000,70099.99999676,-58.95629403743078,278.9708217523006,473,1:30:57
70.2%,35100000,70199.99999641658,-66.97755902627068,246.59830987077453,473,1:30:38
70.3%,35150000,70299.99999607315,-91.38722230823987,232.23224391508907,473,1:30:21
70.4%,35200000,70399.99999572973,-64.3640816907473,364.04581141535476,473,1:30:02
70.5%,35250000,70499.9999953863,-55.93101045687217,344.9748404866164,473,1:29:44
70.6%,35300000,70599.99999504288,-73.07618120759435,302.0398553835446,473,1:29:25
70.7%,35350000,70699.99999469945,-61.65159294273326,314.78733914589833,473,1:29:08
70.8%,35400000,70799.99999435603,-85.34941536226688,296.54968381617556,473,1:28:50
70.9%,35450000,70899.9999940126,-81.48672915145289,294.2777804544014,473,1:28:32
71.0%,35500000,70999.99999366917,-69.3612964687236,248.26531373403952,473,1:28:14
71.1%,35550000,71099.99999332575,-52.48844714747793,277.5577917280923,473,1:27:55
71.2%,35600000,71199.99999298232,-88.9974671933087,445.23881641859595,473,1:27:38
71.3%,35650000,71299.9999926389,-72.79663650252041,341.0200742852547,473,1:27:19
71.4%,35700000,71399.99999229547,-92.22003543523124,291.99173307391567,473,1:27:01
71.5%,35750000,71499.99999195205,-89.99435241835272,219.10713186140225,473,1:26:42
71.6%,35800000,71599.99999160862,-76.54930070604314,293.7418594479138,473,1:26:25
71.7%,35850000,71699.9999912652,-81.73906674586397,234.72312190807062,473,1:26:06
71.8%,35900000,71799.99999092177,-45.80644805118209,357.6183702761248,473,1:25:48
71.9%,35950000,71899.99999057835,-68.62316389973648,186.09519072658296,473,1:25:30
72.0%,36000000,71999.99999023492,-75.46864974725759,434.7971339094287,473,1:25:12
[2025-12-10 19:21:39] ✅ Chunk 36/50 complete
[2025-12-10 19:21:39]    Progress: 72.0% (72.0 / 100.0 ns)
[2025-12-10 19:21:39]    Chunk time: 370.8s
[2025-12-10 19:21:39]    Current speed: 5,394,256 ns/day
[2025-12-10 19:21:39]    Estimated remaining: 1.4h
72.1%,36050000,72099.9999898915,-78.16010927551542,308.775724901191,473,1:24:53
72.2%,36100000,72199.99998954807,-62.84648161167024,258.3218038152069,473,1:24:36
72.3%,36150000,72299.99998920465,-47.94610169876432,369.7074208992181,473,1:24:17
72.4%,36200000,72399.99998886122,-85.58454380175408,353.176230107317,473,1:23:59
72.5%,36250000,72499.9999885178,-58.77463290950527,250.6377241474365,473,1:23:40
72.6%,36300000,72599.99998817437,-63.011338521231664,311.7870146442879,473,1:23:23
72.7%,36350000,72699.99998783095,-100.18196215619537,357.122443074809,473,1:23:04
72.8%,36400000,72799.99998748752,-86.31348635413451,328.7833645172614,473,1:22:46
72.9%,36450000,72899.9999871441,-88.17328970928065,292.03576206708226,473,1:22:29
73.0%,36500000,72999.99998680067,-68.11583095994501,315.32070475252584,473,1:22:10
73.1%,36550000,73099.99998645725,-58.05647187330533,308.83996304534304,473,1:21:53
73.2%,36600000,73199.99998611382,-67.8834744182268,137.55554958054944,473,1:21:34
73.3%,36650000,73299.9999857704,-91.35237543954645,280.3268174235203,473,1:21:16
73.4%,36700000,73399.99998542697,-82.24419643799774,356.05238588683403,473,1:20:57
73.5%,36750000,73499.99998508354,-87.0866438640951,277.763253038685,473,1:20:40
73.6%,36800000,73599.99998474012,-82.27258246580777,307.43991875708605,473,1:20:21
73.7%,36850000,73699.9999843967,-91.30753679935788,365.8718913051093,473,1:20:03
73.8%,36900000,73799.99998405327,-72.44777286412682,256.82145980879903,473,1:19:44
73.9%,36950000,73899.99998370984,-54.40198823818719,233.08369332021357,473,1:19:27
74.0%,37000000,73999.99998336642,-79.20872520378907,277.62758816618907,473,1:19:08
[2025-12-10 19:27:48] ✅ Chunk 37/50 complete
[2025-12-10 19:27:48]    Progress: 74.0% (74.0 / 100.0 ns)
[2025-12-10 19:27:48]    Chunk time: 369.2s
[2025-12-10 19:27:48]    Current speed: 5,417,436 ns/day
[2025-12-10 19:27:48]    Estimated remaining: 1.3h
74.1%,37050000,74099.999983023,-54.38221508648712,338.35315501581226,473,1:18:49
74.2%,37100000,74199.99998267957,-64.13751248103881,270.14845861491176,473,1:18:32
74.3%,37150000,74299.99998233614,-85.01941300313047,292.899837723577,473,1:18:14
74.4%,37200000,74399.99998199272,-87.90412823809311,323.3296956429774,473,1:17:56
74.5%,37250000,74499.9999816493,-87.09206870698836,244.93380607375863,473,1:17:37
74.6%,37300000,74599.99998130587,-60.385196421154774,303.6844407622766,473,1:17:19
74.7%,37350000,74699.99998096244,-65.28089927084511,262.23723870413664,473,1:17:02
74.8%,37400000,74799.99998061902,-95.98532843129033,275.6329430803708,473,1:16:43
74.9%,37450000,74899.99998027559,-76.30802743940149,292.68421432623205,473,1:16:25
75.0%,37500000,74999.99997993217,-77.16941370386849,467.62208735147334,473,1:16:07
75.1%,37550000,75099.99997958874,-80.66487793705323,289.0126081104974,473,1:15:48
75.2%,37600000,75199.99997924532,-86.59180865735709,286.4226753915052,473,1:15:31
75.3%,37650000,75299.99997890189,-68.83772322454024,320.2352638500294,473,1:15:12
75.4%,37700000,75399.99997855847,-86.49144567189796,304.4702462159563,473,1:14:54
75.5%,37750000,75499.99997821504,-89.78074409533292,170.46240580286823,473,1:14:35
75.6%,37800000,75599.99997787162,-96.66432189284387,261.0290349487411,473,1:14:18
75.7%,37850000,75699.99997752819,-96.91394455209115,436.0924908903998,473,1:13:59
75.8%,37900000,75799.99997718477,-75.98897661594674,282.4215512932267,473,1:13:40
75.9%,37950000,75899.99997684134,-77.4366079508909,329.69109927471925,473,1:13:23
76.0%,38000000,75999.99997649791,-86.84318650890054,338.85655851659925,473,1:13:04
[2025-12-10 19:33:57] ✅ Chunk 38/50 complete
[2025-12-10 19:33:57]    Progress: 76.0% (76.0 / 100.0 ns)
[2025-12-10 19:33:57]    Chunk time: 369.0s
[2025-12-10 19:33:57]    Current speed: 5,420,094 ns/day
[2025-12-10 19:33:57]    Estimated remaining: 1.2h
76.1%,3805
[2025-12-10 19:15:30]    Estimated remaining: 1.1h
76.1%,38050000,7609
76.2%,38100000,76199.99997581106,-63.41346534769764,243.57199822024495,473,1:12:27
76.3%,38150000,76299.99997546764,-91.22563754483417,293.7309269683228,473,1:12:10
76.4%,38200000,76399.99997512421,-82.55079723198514,270.1726089470253,473,1:11:52
76.5%,38250000,76499.99997478079,-83.01478964126363,248.71743668782312,473,1:11:33
76.6%,38300000,76599.99997443736,-45.869575921446085,251.15803813421965,473,1:11:15
76.7%,38350000,76699.99997409394,-73.58876012836663,181.8848396672933,473,1:10:56
76.8%,38400000,76799.99997375051,-87.86490023099873,254.8651742411892,473,1:10:38
76.9%,38450000,76899.99997340709,-50.810250383627135,327.44848110983196,473,1:10:20
77.0%,38500000,76999.99997306366,-84.49522640192299,275.234855928995,473,1:10:01
77.1%,38550000,77099.99997272024,-54.369229832354904,268.89474697053157,473,1:09:44
77.2%,38600000,77199.99997237681,-92.96060836815741,270.1554231214048,473,1:09:25
77.3%,38650000,77299.99997203339,-71.84396235322492,432.8597427730012,473,1:09:07
77.4%,38700000,77399.99997168996,-95.44724713289179,362.56156304924895,473,1:08:48
77.5%,38750000,77499.99997134654,-73.81023625578018,259.6826501289621,473,1:08:30
77.6%,38800000,77599.99997100311,-86.78065444694948,268.27135444182926,473,1:08:11
77.7%,38850000,77699.99997065969,-81.15974102266523,385.6570867824274,473,1:07:53
77.8%,38900000,77799.99997031626,-82.87556429827782,294.3241896901682,473,1:07:35
77.9%,38950000,77899.99996997284,-94.8172550839372,249.20057179536653,473,1:07:17
78.0%,39000000,77999.99996962941,-76.2705742099206,230.03864365265994,473,1:06:58
[2025-12-10 19:40:00] ✅ Chunk 39/50 complete
[2025-12-10 19:40:00]    Progress: 78.0% (78.0 / 100.0 ns)
[2025-12-10 19:40:00]    Chunk time: 363.0s
[2025-12-10 19:40:00]    Current speed: 5,509,549 ns/day
[2025-12-10 19:40:00]    Estimated remaining: 1.1h
78.1%,39050000,78099.99996928599,-82.3862400012099,250.8123126275309,473,1:06:40
78.2%,39100000,78199.99996894256,-95.52426208424731,394.2721520750199,473,1:06:21
78.3%,39150000,78299.99996859914,-58.90101005882025,388.57740512991296,473,1:06:03
78.4%,39200000,78399.99996825571,-79.2427644825948,274.5503847069857,473,1:05:45
78.5%,39250000,78499.99996791228,-45.61977052222937,398.7880464698002,473,1:05:27
78.6%,39300000,78599.99996756886,-75.01172950988985,254.8254323574278,473,1:05:08
78.7%,39350000,78699.99996722543,-68.39174568030285,297.215393631002,473,1:04:49
78.8%,39400000,78799.99996688201,-70.56186883477494,344.225459484218,473,1:04:32
78.9%,39450000,78899.99996653858,-44.693871335242875,269.4651059809747,473,1:04:13
79.0%,39500000,78999.99996619516,-55.41875390083078,255.93517453574887,473,1:03:54
79.1%,39550000,79099.99996585173,-92.26365683983022,305.0720010763157,473,1:03:37
79.2%,39600000,79199.99996550831,-99.75951981461697,339.16910654608364,473,1:03:18
79.3%,39650000,79299.99996516488,-63.842477141690324,231.5042941784321,473,1:03:00
79.4%,39700000,79399.99996482146,-73.16094049293997,335.93229000745475,473,1:02:42
79.5%,39750000,79499.99996447803,-90.95516127545704,326.10904062340654,473,1:02:24
79.6%,39800000,79599.99996413461,-77.33642429775591,312.3434322584807,473,1:02:05
79.7%,39850000,79699.99996379118,-85.22082944979775,204.20123901041762,473,1:01:47
79.8%,39900000,79799.99996344776,-83.13589076901917,287.43430193582964,473,1:01:28
79.9%,39950000,79899.99996310433,-86.51738663032302,376.8303961651552,473,1:01:10
80.0%,40000000,79999.9999627609,-61.73392854044505,286.90518025146514,473,1:00:51
[2025-12-10 19:46:01] ✅ Chunk 40/50 complete
[2025-12-10 19:46:01]    Progress: 80.0% (80.0 / 100.0 ns)
[2025-12-10 19:46:01]    Chunk time: 360.6s
[2025-12-10 19:46:01]    Current speed: 5,546,951 ns/day
[2025-12-10 19:46:01]    Estimated remaining: 1.0h
[2025-12-10 19:46:01]    🎯 Checkpoint: 80.0 ns in 243.5 minutes
[2025-12-10 19:46:01]    Trajectory size: 4.5 MB
80.1%,40050000,80099.99996241748,-76.81993951481991,315.74730715453353,473,1:00:34
80.2%,40100000,80199.99996207406,-85.17232200390254,384.91015158099015,473,1:00:16
80.3%,40150000,80299.99996173063,-74.61345432040252,252.61709802177145,473,59:57
80.4%,40200000,80399.9999613872,-93.14714638444275,270.4909014516407,473,59:39
80.5%,40250000,80499.99996104378,-76.18895781283618,298.6391379655603,473,59:21
80.6%,40300000,80599.99996070036,-99.34191832441297,274.0551976931377,473,59:02
80.7%,40350000,80699.99996035693,-78.62341135022007,373.3949479024899,473,58:44
80.8%,40400000,80799.9999600135,-82.38660999303102,352.5817467975398,473,58:26
80.9%,40450000,80899.99995967008,-79.77853064799274,300.96750470928146,473,58:08
81.0%,40500000,80999.99995932665,-76.28532727219635,296.33685292974536,473,57:50
81.1%,40550000,81099.99995898323,-90.4413140360557,313.6855537965501,473,57:31
81.2%,40600000,81199.9999586398,-86.26393747590191,314.15384014277976,473,57:13
81.3%,40650000,81299.99995829638,-56.68296191393165,351.2814378527176,473,56:55
81.4%,40700000,81399.99995795295,-85.47398685046937,295.97850616504763,473,56:37
81.5%,40750000,81499.99995760953,-85.13043563617975,313.9722955688275,473,56:18
81.6%,40800000,81599.9999572661,-68.45951519659138,328.952901413513,473,56:00
81.7%,40850000,81699.99995692268,-76.03766219571116,230.57324997980112,473,55:42
81.8%,40900000,81799.99995657925,-69.18723777937703,406.5043725980718,473,55:24
81.9%,40950000,81899.99995623583,-82.5189467757009,226.16401182671422,473,55:05
82.0%,41000000,81999.9999558924,-85.34434196007714,339.54050704431353,473,54:48
[2025-12-10 19:52:11] ✅ Chunk 41/50 complete
[2025-12-10 19:52:11]    Progress: 82.0% (82.0 / 100.0 ns)
[2025-12-10 19:52:11]    Chunk time: 370.7s
[2025-12-10 19:52:11]    Current speed: 5,394,913 ns/day
[2025-12-10 19:52:11]    Estimated remaining: 54.8m
82.1%,41050000,82099.99995554898,-70.37692553076124,313.57743668726795,473,54:29
82.2%,41100000,82199.99995520555,-87.80587271903642,308.5094527362309,473,54:11
82.3%,41150000,82299.99995486213,-74.32405874800997,273.99460211020914,473,53:53
82.4%,41200000,82399.9999545187,-78.7336842387449,305.0671314379049,473,53:35
82.5%,41250000,82499.99995417528,-91.38593509679777,286.11055918594013,473,53:17
82.6%,41300000,82599.99995383185,-75.59425920434296,258.62537568673827,473,52:58
82.7%,41350000,82699.99995348843,-82.11092766527509,329.796440970323,473,52:40
82.8%,41400000,82799.999953145,-73.27409663377875,274.1527023843275,473,52:22
82.9%,41450000,82899.99995280158,-73.74409662533981,288.535187078592,473,52:04
83.0%,41500000,82999.99995245815,-58.782956478447886,374.5206394190016,473,51:45
83.1%,41550000,83099.99995211473,-68.26618870295351,245.65119775629552,473,51:27
83.2%,41600000,83199.9999517713,-86.92822030336538,368.2326414804654,473,51:09
83.3%,41650000,83299.99995142788,-77.75640939462392,352.98799451223033,473,50:50
83.4%,41700000,83399.99995108445,-79.66570319206221,259.31643676705465,473,50:32
83.5%,41750000,83499.99995074102,-62.20656715950463,311.9577291663449,473,50:14
83.6%,41800000,83599.9999503976,-58.595157120033036,283.92369610375096,473,49:56
83.7%,41850000,83699.99995005417,-79.59289037331473,342.43155015591714,473,49:37
83.8%,41900000,83799.99994971075,-77.07936950928706,315.0855668108589,473,49:19
83.9%,41950000,83899.99994936732,-68.11591291156947,357.01610924369874,473,49:01
84.0%,42000000,83999.9999490239,-79.24328524130397,432.5817725627319,473,48:43
[2025-12-10 19:58:19] ✅ Chunk 42/50 complete
[2025-12-10 19:58:19]    Progress: 84.0% (84.0 / 100.0 ns)
[2025-12-10 19:58:19]    Chunk time: 367.3s
[2025-12-10 19:58:19]    Current speed: 5,445,024 ns/day
[2025-12-10 19:58:19]    Estimated remaining: 48.7m
84.1%,42050000,84099.99994868047,-79.36453646503196,281.31136964544993,473,48:24
84.2%,42100000,84199.99994833705,-84.49931867420673,374.8566655761906,473,48:06
84.3%,42150000,84299.99994799362,-83.28774445937597,365.7190456237857,473,47:48
84.4%,42200000,84399.9999476502,-85.31130651383455,235.11801354287647,473,47:29
84.5%,42250000,84499.99994730677,-90.81596504599293,285.3352245977073,473,47:11
84.6%,42300000,84599.99994696335,-88.42492261571533,256.30612733590976,473,46:53
84.7%,42350000,84699.99994661992,-73.83156188542489,245.73334478647817,473,46:34
84.8%,42400000,84799
84.8%,42400000,84799.9999462765,-91.9545049877488,260.8
84.9%,42450000,84899.99994593307,-67.32592360707531,328.77172047617194,473,45:58
85.0%,42500000,84999.99994558965,-79.1712071475049,297.8618375108055,473,45:39
85.1%,42550000,85099.99994524622,-83.95782244572183,331.77776618791864,473,45:21
85.2%,42600000,85199.9999449028,-72.52072020113201,245.2871235209578,473,45:02
85.3%,42650000,85299.99994455937,-70.66020700835361,385.01660186712115,473,44:44
85.4%,42700000,85399.99994421595,-87.69276050528788,325.72172386244176,473,44:26
85.5%,42750000,85499.99994387252,-67.56021079677157,261.0356046859131,473,44:08
85.6%,42800000,85599.9999435291,-76.59176719101742,237.62780463042358,473,43:49
85.7%,42850000,85699.99994318567,-67.40872551244684,259.44986303353124,473,43:31
85.8%,42900000,85799.99994284225,-67.01964351464994,224.40411697110798,473,43:12
85.9%,42950000,85899.99994249882,-81.48866835611989,329.5599765067056,473,42:54
86.0%,43000000,85999.9999421554,-84.2126783230342,279.05217540635147,473,42:36
[2025-12-10 20:04:15] ✅ Chunk 43/50 complete
[2025-12-10 20:04:15]    Progress: 86.0% (86.0 / 100.0 ns)
[2025-12-10 20:04:15]    Chunk time: 356.4s
[2025-12-10 20:04:15]    Current speed: 5,610,934 ns/day
[2025-12-10 20:04:15]    Estimated remaining: 42.6m
86.1%,43050000,86099.99994181197,-72.28357263607722,376.63539478758844,473,42:18
86.2%,43100000,86199.99994146854,-68.52268831447873,301.5953226366844,473,41:59
86.3%,43150000,86299.99994112512,-58.96032206872769,232.85663520703207,473,41:41
86.4%,43200000,86399.9999407817,-70.42147254509382,283.0356881102467,473,41:23
86.5%,43250000,86499.99994043827,-77.62881979031226,230.04188828764273,473,41:04
86.6%,43300000,86599.99994009484,-93.3539641975949,231.9634345328447,473,40:46
86.7%,43350000,86699.99993975142,-87.40510086217353,361.7718992643331,473,40:28
86.8%,43400000,86799.999939408,-70.68568746538949,393.69953470664734,473,40:10
86.9%,43450000,86899.99993906457,-76.1503553298171,334.3628565643983,473,39:51
87.0%,43500000,86999.99993872114,-92.0763426872436,223.91652942317634,473,39:33
87.1%,43550000,87099.99993837772,-76.50654073222677,231.3865697458599,473,39:14
87.2%,43600000,87199.99993803429,-69.56764909221602,310.0974435682557,473,38:56
87.3%,43650000,87299.99993769087,-87.38353294791887,337.2377712724381,473,38:38
87.4%,43700000,87399.99993734744,-86.30232893825087,328.85484303432355,473,38:20
87.5%,43750000,87499.99993700402,-72.15334628161509,351.47918337973414,473,38:01
87.6%,43800000,87599.99993666059,-81.74821238650475,283.9144564257611,473,37:43
87.7%,43850000,87699.99993631717,-58.06467188184615,238.01376348698503,473,37:25
87.8%,43900000,87799.99993597374,-65.8846166898984,207.22555009735987,473,37:06
87.9%,43950000,87899.99993563032,-63.09910475637298,268.15971155382636,473,36:48
88.0%,44000000,87999.99993528689,-80.60934095822176,208.6465864111484,473,36:30
[2025-12-10 20:10:15] ✅ Chunk 44/50 complete
[2025-12-10 20:10:15]    Progress: 88.0% (88.0 / 100.0 ns)
[2025-12-10 20:10:15]    Chunk time: 360.0s
[2025-12-10 20:10:15]    Current speed: 5,556,008 ns/day
[2025-12-10 20:10:15]    Estimated remaining: 36.5m
88.1%,44050000,88099.99993494347,-104.39595874981023,372.8313364000466,473,36:11
88.2%,44100000,88199.99993460004,-99.20626331804306,303.71746125439984,473,35:53
88.3%,44150000,88299.99993425662,-47.2253085647244,297.5092235399639,473,35:35
88.4%,44200000,88399.99993391319,-59.12672265805304,305.296473806213,473,35:17
88.5%,44250000,88499.99993356976,-87.12007926299702,258.6711521867933,473,34:58
88.6%,44300000,88599.99993322634,-81.95461980270329,338.85065127128735,473,34:40
88.7%,44350000,88699.99993288291,-77.00099329359364,293.4046872830457,473,34:22
88.8%,44400000,88799.99993253949,-75.29761189967394,337.30504056083157,473,34:04
88.9%,44450000,88899.99993219606,-82.8762205782316,154.60923259767563,473,33:45
89.0%,44500000,88999.99993185264,-90.11779550010488,460.70584365067424,473,33:27
89.1%,44550000,89099.99993150921,-61.23861627408769,273.6671583123773,474,33:08
89.2%,44600000,89199.99993116579,-63.990151589816605,201.6164349628321,473,32:50
89.3%,44650000,89299.99993082236,-75.3699158863019,349.02980021870593,474,32:32
89.4%,44700000,89399.99993047894,-81.39044950088282,366.88376591049996,474,32:14
89.5%,44750000,89499.99993013551,-74.71115861627516,323.1077138195141,474,31:55
89.6%,44800000,89599.99992979209,-74.95102286698648,317.0743456972335,474,31:37
89.7%,44850000,89699.99992944866,-81.48125988180982,316.9755448881282,474,31:19
89.8%,44900000,89799.99992910524,-88.25362639794457,285.7133397817211,474,31:00
89.9%,44950000,89899.99992876181,-72.10776934345267,355.1607892845107,474,30:42
90.0%,45000000,89999.99992841839,-72.532606182358,342.9472775214538,474,30:24
[2025-12-10 20:16:09] ✅ Chunk 45/50 complete
[2025-12-10 20:16:09]    Progress: 90.0% (90.0 / 100.0 ns)
[2025-12-10 20:16:09]    Chunk time: 354.0s
[2025-12-10 20:16:09]    Current speed: 5,649,070 ns/day
[2025-12-10 20:16:09]    Estimated remaining: 30.4m
[2025-12-10 20:16:09]    🎯 Checkpoint: 90.0 ns in 273.6 minutes
[2025-12-10 20:16:09]    Trajectory size: 5.1 MB
90.1%,45050000,90099.99992807496,-80.45774159766734,352.1700028857512,474,30:06
90.2%,45100000,90199.99992773154,-88.0477830162854,400.9167773950646,474,29:47
90.3%,45150000,90299.99992738811,-65.80391692940611,316.4042950734031,474,29:29
90.4%,45200000,90399.99992704469,-89.01876009119451,246.53103847503152,474,29:11
90.5%,45250000,90499.99992670126,-60.43788928206777,399.63948925106746,474,28:52
90.6%,45300000,90599.99992635784,-69.9733984179411,367.9665933397702,474,28:34
90.7%,45350000,90699.99992601441,-77.50103055482032,245.21370048156896,474,28:16
90.8%,45400000,90799.99992567099,-85.00265962586855,333.0260642390844,474,27:58
90.9%,45450000,90899.99992532756,-43.27289747479517,262.7494302304899,474,27:39
91.0%,45500000,90999.99992498413,-56.64132926031016,268.29766646677757,474,27:21
91.1%,45550000,91099.99992464071,-77.15661411063047,328.93899490934484,474,27:03
91.2%,45600000,91199.99992429728,-83.68274000674137,312.88702092745484,474,26:44
91.3%,45650000,91299.99992395386,-75.4029172620485,267.9754263767487,474,26:26
91.4%,45700000,91399.99992361043,-73.01095486795475,342.82035323166554,474,26:08
91.5%,45750000,91499.99992326701,-94.67214428237276,417.87422876870477,474,25:49
91.6%,45800000,91599.99992292358,-103.43064324653824,224.8943847925995,474,25:31
91.7%,45850000,91699.99992258016,-63.70184972486459,374.2430515680937,474,25:13
91.8%,45900000,91799.99992223673,-69.46353310236373,330.5101747001274,474,24:55
91.9%,45950000,91899.99992189331,-74.92540719150566,244.11696120010146,474,24:36
92.0%,46000000,91999.99992154988,-79.18681008688873,351.1929840101148,474,24:18
[2025-12-10 20:22:08] ✅ Chunk 46/50 complete
[2025-12-10 20:22:08]    Progress: 92.0% (92.0 / 100.0 ns)
[2025-12-10 20:22:08]    Chunk time: 358.4s
[2025-12-10 20:22:08]    Current speed: 5,580,306 ns/day
[2025-12-10 20:22:08]    Estimated remaining: 24.3m
92.1%,46050000,92099.99992120646,-75.83403856778023,406.9748872990169,474,24:00
92.2%,46100000,92199.99992086303,-72.43776657362469,406.2661356276283,474,23:42
92.3%,46150000,92299.9999205196,-70.77234357729321,338.3514186217326,474,23:23
92.4%,46200000,92399.99992017618,-81.55647890028195,260.84304778507993,474,23:05
92.5%,46250000,92499.99991983276,-72.9038610829266,214.7493224355961,474,22:47
92.6%,46300000,92599.99991948933,-78.76860440137534,181.15888244241287,474,22:27
92.7%,46350000,92699.9999191459,-72.16801468779886,362.4193086395352,475,22:08
92.8%,46400000,92799.99991880248,-90.65483721906776,414.9417147105137,475,21:49
92.9%,46450000,92899.99991845906,-103.58835971630106,274.0842036683433,475,21:30
93.0%,46500000,92999.99991811563,-71.99354299236984,352.45456657708945,476,21:10
93.1%,46550000,93099.9999177722,-90.83657966961619,330.1924251774823,476,20:51
93.2%,46600000,93199.99991742878,-48.92269290460263,340.88320095104666,477,20:32
93.3%,46650000,93299.99991708536,-88.82565384948975,252.64356617320428,477,20:13
93.4%,46700000,93399.99991674193,-76.28920439941226,362.5983878762716,477,19:54
93.5%,46750000,93499.9999163985,-68.0247169577051,236.32228675340306,478,19:35
93.6%,46800000,93599.99991605508,-92.05237901944201,351.30307439601756,478,19:16
93.7%,46850000,93699.99991571165,-82.08935153052153,246.7774250327949,478,18:57
93.8%,46900000,93799.99991536823,-100.77034030116806,426.9624548271216,479,18:38
93.9%,46950000,93899.9999150248,-63.36207238958377,268.03984541063244,479,18:19
94.0%,47000000,93999.99991468138,-65.71918542610365,269.6358912033138,480,18:00
[2025-12-10 20:24:46] ✅ Chunk 47/50 complete
[2025-12-10 20:24:46]    Progress: 94.0% (94.0 / 100.0 ns)
[2025-12-10 20:24:46]    Chunk time: 158.5s
[2025-12-10 20:24:46]    Current speed: 12,618,780 ns/day
[2025-12-10 20:24:46]    Estimated remaining: 18.0m
94.1%,47050000,94099.99991433795,-78.58354298584163,283.1123425857417,480,17:41
94.2%,47100000,94199.99991399453,-76.30967523605796,383.5327810047442,480,17:23
94.3%,47150000,94299.9999136511,-45.86186471302062,294.8395692569433,481,17:04
94.4%,47200000,94399.99991330768,-43.03983158529445,351.32229792758415,481,16:45
94.5%,47250000,94499.99991296425,-75.59282305184752,314.61040516353484,481,16:26
94.6%,47300000,94599.99991262083,-88.64549125039434,299.5020657736049,482,16:08
94.7%,47350000,94699.9999122774,-97.20249099309922,291.45879514743547,482,15:49
94.8%,47400000,94799.99991193398,-69.54650075574375,465.7477572550055,483,15:30
94.9%,47450000,94899.99991159055,-96.08314752056958,178.86168469842545,483,15:12
95.0%,47500000,94999.99991124713,-97.2956986386016,207.87798495429024,483,14:53
95.1%,47550000,95099.9999109037,-74.02018810884329,248.04761941584772,484,14:35
95.2%,47600000,95199.99991056028,-70.25807905031252,242.02247389548626,484,14:16
95.3%,47650000,95299.99991021685,-80.67637660951004,305.11796863576916,484,13:58
95.4%,47700000,95399.99990987343,-58.86788804351818,452.62937856461633,485,13:39
95.5%,47750000,95499.99990953,-64.5009094223351,253.08788009045497,485,13:21
95.6%,47800000,95599.99990918658,-88.29000148214254,241.08382481622542,486,13:03
95.7%,47850000,95699.99990884315,-77.8020781512023,264.8356649386012,486,12:44
95.8%,47900000,95799.99990849973,-88.51151425717399,278.53045484043616,486,12:26
95.9%,47950000,95899.9999081563,-79.7209139628394,305.99028415178634,487,12:07
96.0%,48000000,95999.99990781287,-55.36425519675208,278.15803367109254,487,11:49
[2025-12-10 20:26:24] ✅ Chunk 48/50 complete
[2025-12-10 20:26:24]    Progress: 96.0% (96.0 / 100.0 ns)
[2025-12-10 20:26:24]    Chunk time: 98.1s
[2025-12-10 20:26:24]    Current speed: 20,388,205 ns/day
[2025-12-10 20:26:24]    Estimated remaining: 11.8m
96.1%,48050000,96099.99990746945,-98.57653848251357,270.4623427761173,487,11:31
96.2%,48100000,96199.99990712602,-58.46443630178487,352.9103613647773,488,11:13
96.3%,48150000,96299.9999067826,-86.05954826696507,268.5246916055201,488,10:54
96.4%,48200000,96399.99990643917,-81.91282409189444,416.24184859775454,488,10:36
96.5%,48250000,96499.99990609575,-78.30520004560526,305.1819823640168,489,10:18
96.6%,48300000,96599.99990575232,-87.41860364648983,440.38687821125023,489,10:00
96.7%,48350000,96699.9999054089,-57.317062052781694,260.51835567681957,490,9:42
96.8%,48400000,96799.99990506547,-73.43713784200372,304.3178929131238,490,9:24
96.9%,48450000,96899.99990472205,-56.59994084452046,278.49536916699464,490,9:06
97.0%,48500000,96999.99990437862,-76.10777628142387,343.0504899862901,491,8:48
97.1%,48550000,97099.9999040352,-73.35301058058394,303.72614935386116,491,8:30
97.2%,48600000,97199.99990369177,-80.50530126157537,301.7335484308139,491,8:12
97.3%,48650000,97299.99990334835,-73.06550981129112,329.17897565641755,492,7:54
97.4%,48700000,97399.99990300492,-68.81096118115647,267.0993199722926,492,7:36
97.5%,48750000,97499.9999026615,-88.30186261554627,260.8527542573589,493,7:18
97.6%,48800000,97599.99990231807,-76.95888981319877,317.8974905873653,493,7:00
97.7%,48850000,97699.99990197465,-79.95802581740281,241.920701826871,493,6:42
97.8%,48900000,97799.99990163122,-71.62942431536067,230.23722923782805,494,6:25
97.9%,48950000,97899.9999012878,-57.90109137186664,305.80016593702686,494,6:07
98.0%,49000000,97999.99990094437,-71.5503777487902,327.1003922152225,494,5:49
[2025-12-10 20:28:02] ✅ Chunk 49/50 complete
[2025-12-10 20:28:02]    Progress: 98.0% (98.0 / 100.0 ns)
[2025-12-10 20:28:02]    Chunk time: 98.1s
[2025-12-10 20:28:02]    Current speed: 20,381,065 ns/day
[2025-12-10 20:28:02]    Estimated remaining: 5.8m
98.1%,49050000,98099.99990060095,-96.19519936728284,324.4939171294046,495,5:31
98.2%,49100000,98199.99990025752,-69.17671009723563,396.726162961946,495,5:14
98.3%,49150000,98299.9998999141,-79.93999436935701,211.8131318426825,495,4:56
98.4%,49200000,98399.99989957067,-88.6771691715287,336.6681564867869,496,4:38
98.5%,49250000,98499.99989922724,-87.77423700197278,307.55311806698865,496,4:21
98.6%,49300000,98599.99989888382,-80.0721415687367,267.79864711390934,496,4:03
98.7%,49350000,98699.9998985404,-84.94313939695621,292.0905871818179,497,3:46
98.8%,49400000,98799.99989819697,-86.87390186642779,442.7030125716415,497,3:28
98.9%,49450000,98899.99989785354,-70.46232034320201,288.36844968689473,498,3:10
99.0%,49500000,98999.99989751012,-82.41932765558613,295.90039312083474,498,2:53
99.1%,49550000,99099.9998971667,-71.55585800195695,375.99498044056423,498,2:36
99.2%,49600000,99199.99989682327,-87.35432984596173,363.72065689116346,499,2:18
99.3%,49650000,99299.99989647984,-74.80556423965754,259.07219854094217,499,2:01
99.4%,49700000,99399.99989613642,-76.53487442090409,318.615087474878,499,1:43
99.5%,49750000,99499.999895793,-64.6499817999138,236.8222965177799,500,1:26
99.6%,49800000,99599.99989544957,-80.67997265958593,272.28567795015846,500,1:09
99.7%,49850000,99699.99989510614,-81.74215607949736,261.6920235019257,501,0:51
99.8%,49900000,99799.99989476272,-88.35486816025104,197.34181139442842,501,0:34
99.9%,49950000,99899.99989441929,-75.333117550108,268.2569519059185,501,0:17
100.0%,50000000,99999.99989407587,-95.53071988584088,233.0422940493662,502,0:00
[2025-12-10 20:29:40] ✅ Chunk 50/50 complete
[2025-12-10 20:29:40]    Progress: 100.0% (100.0 / 100.0 ns)
[2025-12-10 20:29:40]    Chunk time: 97.3s
[2025-12-10 20:29:40]    Current speed: 20,551,023 ns/day
[2025-12-10 20:29:40]    Estimated remaining: 0s
[2025-12-10 20:29:40]    🎯 Checkpoint: 100.0 ns in 287.1 minutes
[2025-12-10 20:29:40]    Trajectory size: 5.4 MB
[2025-12-10 20:29:40] 
============================================================
[2025-12-10 20:29:40] 🎉 100 ns MD SIMULATION COMPLETE!
[2025-12-10 20:29:40] ============================================================
[2025-12-10 20:29:40] Total simulation time: 17228.0s (287.1 min, 4.79 hr)
[2025-12-10 20:29:40] Final performance: 5,804,492 ns/day
[2025-12-10 20:29:40] Completed at: 2025-12-10 20:29:40
[2025-12-10 20:29:40] ✓ Final structure saved: data/md/raw/final_structure_100ns.pdb
[2025-12-10 20:29:40] 
============================================================
[2025-12-10 20:29:40] VALIDATION CHECK
[2025-12-10 20:29:40] ============================================================
[2025-12-10 20:29:40] ✓ Trajectory (DCD): 5.4 MB
[2025-12-10 20:29:40] ✓ State data (CSV): 1.0 MB
[2025-12-10 20:29:40] ✓ Final structure (PDB): 0.0 MB
[2025-12-10 20:29:40] ✓ State data points: 10013 (expected: ~10000)
[2025-12-10 20:29:40] 
✅ ALL CHECKS PASSED!
[2025-12-10 20:29:40] ✅ 100 ns MD simulation SUCCESSFUL!
[2025-12-10 20:29:40] ✅ Ready for trajectory analysis
[2025-12-10 20:29:40] 
============================================================
[2025-12-10 20:29:40] NEXT STEPS:
[2025-12-10 20:29:40] 1. Run trajectory processing: python scripts/phase2/03_process_trajectory.py
[2025-12-10 20:29:40] 2. Generate Ramachandran plot: python scripts/phase2/04_ramachandran_plot.py
[2025-12-10 20:29:40] 3. Generate RMSD plot: python scripts/phase2/05_rmsd_convergence.py
[2025-12-10 20:29:40] 4. Generate density plot: python scripts/phase2/06_probability_density.py
[2025-12-10 20:29:40] 5. Create statistics table: python scripts/phase2/07_md_statistics_table.py
[2025-12-10 20:29:40] ============================================================
[2025-12-10 20:29:40] ✓ Completion marker saved
marker saved
